2026-02-04 11:07:49.385478: I tensorflow/core/platform/cpu_feature_guard.cc:210] This TensorFlow binary is optimized to use available CPU instructions in performance-critical operations.
To enable the following instructions: AVX2 FMA, in other operations, rebuild TensorFlow with the appropriate compiler flags.
2026-02-04 11:07:52,427 | ERROR | yfinance | 
1 Failed download:
2026-02-04 11:07:52,427 | ERROR | yfinance | ['QQQ']: TypeError("'NoneType' object is not subscriptable")
2026-02-04 11:07:52,444 | ERROR | yfinance | 
1 Failed download:
2026-02-04 11:07:52,444 | ERROR | yfinance | ['QQQ']: TypeError("'NoneType' object is not subscriptable")
2026-02-04 11:07:53,462 | ERROR | yfinance | 
1 Failed download:
2026-02-04 11:07:53,462 | ERROR | yfinance | ['QQQ']: TypeError("'NoneType' object is not subscriptable")
2026-02-04 11:07:53,479 | ERROR | yfinance | 
1 Failed download:
2026-02-04 11:07:53,480 | ERROR | yfinance | ['QQQ']: TypeError("'NoneType' object is not subscriptable")
2026-02-04 11:07:55,497 | ERROR | yfinance | 
1 Failed download:
2026-02-04 11:07:55,498 | ERROR | yfinance | ['QQQ']: TypeError("'NoneType' object is not subscriptable")
2026-02-04 11:07:55,514 | ERROR | yfinance | 
1 Failed download:
2026-02-04 11:07:55,514 | ERROR | yfinance | ['QQQ']: TypeError("'NoneType' object is not subscriptable")
2026-02-04 11:07:55,998 | ERROR | yfinance | 
1 Failed download:
2026-02-04 11:07:55,998 | ERROR | yfinance | ['QQQ']: TypeError("'NoneType' object is not subscriptable")
2026-02-04 11:07:56,014 | ERROR | yfinance | 
1 Failed download:
2026-02-04 11:07:56,014 | ERROR | yfinance | ['QQQ']: TypeError("'NoneType' object is not subscriptable")
2026-02-04 11:07:57,033 | ERROR | yfinance | 
1 Failed download:
2026-02-04 11:07:57,033 | ERROR | yfinance | ['QQQ']: TypeError("'NoneType' object is not subscriptable")
2026-02-04 11:07:57,050 | ERROR | yfinance | 
1 Failed download:
2026-02-04 11:07:57,050 | ERROR | yfinance | ['QQQ']: TypeError("'NoneType' object is not subscriptable")
2026-02-04 11:07:59,067 | ERROR | yfinance | 
1 Failed download:
2026-02-04 11:07:59,067 | ERROR | yfinance | ['QQQ']: TypeError("'NoneType' object is not subscriptable")
2026-02-04 11:07:59,083 | ERROR | yfinance | 
1 Failed download:
2026-02-04 11:07:59,083 | ERROR | yfinance | ['QQQ']: TypeError("'NoneType' object is not subscriptable")
2026-02-04 11:07:59,569 | ERROR | yfinance | 
1 Failed download:
2026-02-04 11:07:59,569 | ERROR | yfinance | ['QQQ']: TypeError("'NoneType' object is not subscriptable")
2026-02-04 11:07:59,586 | ERROR | yfinance | 
1 Failed download:
2026-02-04 11:07:59,586 | ERROR | yfinance | ['QQQ']: TypeError("'NoneType' object is not subscriptable")
2026-02-04 11:08:00,602 | ERROR | yfinance | 
1 Failed download:
2026-02-04 11:08:00,603 | ERROR | yfinance | ['QQQ']: TypeError("'NoneType' object is not subscriptable")
2026-02-04 11:08:00,619 | ERROR | yfinance | 
1 Failed download:
2026-02-04 11:08:00,619 | ERROR | yfinance | ['QQQ']: TypeError("'NoneType' object is not subscriptable")
2026-02-04 11:08:02,637 | ERROR | yfinance | 
1 Failed download:
2026-02-04 11:08:02,637 | ERROR | yfinance | ['QQQ']: TypeError("'NoneType' object is not subscriptable")
2026-02-04 11:08:02,653 | ERROR | yfinance | 
1 Failed download:
2026-02-04 11:08:02,653 | ERROR | yfinance | ['QQQ']: TypeError("'NoneType' object is not subscriptable")
2026-02-04 11:08:03,136 | ERROR | yfinance | 
1 Failed download:
2026-02-04 11:08:03,137 | ERROR | yfinance | ['QQQ']: TypeError("'NoneType' object is not subscriptable")
2026-02-04 11:08:03,152 | ERROR | yfinance | 
1 Failed download:
2026-02-04 11:08:03,152 | ERROR | yfinance | ['QQQ']: TypeError("'NoneType' object is not subscriptable")
2026-02-04 11:08:04,169 | ERROR | yfinance | 
1 Failed download:
2026-02-04 11:08:04,169 | ERROR | yfinance | ['QQQ']: TypeError("'NoneType' object is not subscriptable")
2026-02-04 11:08:04,185 | ERROR | yfinance | 
1 Failed download:
2026-02-04 11:08:04,186 | ERROR | yfinance | ['QQQ']: TypeError("'NoneType' object is not subscriptable")
2026-02-04 11:08:06,206 | ERROR | yfinance | 
1 Failed download:
2026-02-04 11:08:06,206 | ERROR | yfinance | ['QQQ']: TypeError("'NoneType' object is not subscriptable")
2026-02-04 11:08:06,221 | ERROR | yfinance | 
1 Failed download:
2026-02-04 11:08:06,222 | ERROR | yfinance | ['QQQ']: TypeError("'NoneType' object is not subscriptable")
2026-02-04 11:08:06,706 | ERROR | yfinance | 
1 Failed download:
2026-02-04 11:08:06,707 | ERROR | yfinance | ['QQQ']: TypeError("'NoneType' object is not subscriptable")
2026-02-04 11:08:06,722 | ERROR | yfinance | 
1 Failed download:
2026-02-04 11:08:06,722 | ERROR | yfinance | ['QQQ']: TypeError("'NoneType' object is not subscriptable")
2026-02-04 11:08:07,738 | ERROR | yfinance | 
1 Failed download:
2026-02-04 11:08:07,739 | ERROR | yfinance | ['QQQ']: TypeError("'NoneType' object is not subscriptable")
2026-02-04 11:08:07,754 | ERROR | yfinance | 
1 Failed download:
2026-02-04 11:08:07,755 | ERROR | yfinance | ['QQQ']: TypeError("'NoneType' object is not subscriptable")
2026-02-04 11:08:09,772 | ERROR | yfinance | 
1 Failed download:
2026-02-04 11:08:09,772 | ERROR | yfinance | ['QQQ']: TypeError("'NoneType' object is not subscriptable")
2026-02-04 11:08:09,789 | ERROR | yfinance | 
1 Failed download:
2026-02-04 11:08:09,789 | ERROR | yfinance | ['QQQ']: TypeError("'NoneType' object is not subscriptable")
2026-02-04 11:08:10,272 | ERROR | yfinance | 
1 Failed download:
2026-02-04 11:08:10,273 | ERROR | yfinance | ['QQQ']: TypeError("'NoneType' object is not subscriptable")
2026-02-04 11:08:10,288 | ERROR | yfinance | 
1 Failed download:
2026-02-04 11:08:10,289 | ERROR | yfinance | ['QQQ']: TypeError("'NoneType' object is not subscriptable")
2026-02-04 11:08:11,306 | ERROR | yfinance | 
1 Failed download:
2026-02-04 11:08:11,306 | ERROR | yfinance | ['QQQ']: TypeError("'NoneType' object is not subscriptable")
2026-02-04 11:08:11,322 | ERROR | yfinance | 
1 Failed download:
2026-02-04 11:08:11,322 | ERROR | yfinance | ['QQQ']: TypeError("'NoneType' object is not subscriptable")
2026-02-04 11:08:13,340 | ERROR | yfinance | 
1 Failed download:
2026-02-04 11:08:13,340 | ERROR | yfinance | ['QQQ']: TypeError("'NoneType' object is not subscriptable")
2026-02-04 11:08:13,355 | ERROR | yfinance | 
1 Failed download:
2026-02-04 11:08:13,356 | ERROR | yfinance | ['QQQ']: TypeError("'NoneType' object is not subscriptable")
2026-02-04 11:08:13,841 | ERROR | yfinance | 
1 Failed download:
2026-02-04 11:08:13,841 | ERROR | yfinance | ['QQQ']: TypeError("'NoneType' object is not subscriptable")
2026-02-04 11:08:13,859 | ERROR | yfinance | 
1 Failed download:
2026-02-04 11:08:13,859 | ERROR | yfinance | ['QQQ']: TypeError("'NoneType' object is not subscriptable")
2026-02-04 11:08:14,875 | ERROR | yfinance | 
1 Failed download:
2026-02-04 11:08:14,875 | ERROR | yfinance | ['QQQ']: TypeError("'NoneType' object is not subscriptable")
2026-02-04 11:08:14,891 | ERROR | yfinance | 
1 Failed download:
2026-02-04 11:08:14,891 | ERROR | yfinance | ['QQQ']: TypeError("'NoneType' object is not subscriptable")
2026-02-04 11:08:16,908 | ERROR | yfinance | 
1 Failed download:
2026-02-04 11:08:16,909 | ERROR | yfinance | ['QQQ']: TypeError("'NoneType' object is not subscriptable")
2026-02-04 11:08:16,925 | ERROR | yfinance | 
1 Failed download:
2026-02-04 11:08:16,925 | ERROR | yfinance | ['QQQ']: TypeError("'NoneType' object is not subscriptable")
2026-02-04 11:08:17,409 | ERROR | yfinance | 
1 Failed download:
2026-02-04 11:08:17,409 | ERROR | yfinance | ['QQQ']: TypeError("'NoneType' object is not subscriptable")
2026-02-04 11:08:17,426 | ERROR | yfinance | 
1 Failed download:
2026-02-04 11:08:17,426 | ERROR | yfinance | ['QQQ']: TypeError("'NoneType' object is not subscriptable")
2026-02-04 11:08:18,444 | ERROR | yfinance | 
1 Failed download:
2026-02-04 11:08:18,444 | ERROR | yfinance | ['QQQ']: TypeError("'NoneType' object is not subscriptable")
2026-02-04 11:08:18,460 | ERROR | yfinance | 
1 Failed download:
2026-02-04 11:08:18,461 | ERROR | yfinance | ['QQQ']: TypeError("'NoneType' object is not subscriptable")
2026-02-04 11:08:20,480 | ERROR | yfinance | 
1 Failed download:
2026-02-04 11:08:20,480 | ERROR | yfinance | ['QQQ']: TypeError("'NoneType' object is not subscriptable")
2026-02-04 11:08:20,496 | ERROR | yfinance | 
1 Failed download:
2026-02-04 11:08:20,496 | ERROR | yfinance | ['QQQ']: TypeError("'NoneType' object is not subscriptable")
2026-02-04 11:08:20,979 | ERROR | yfinance | 
1 Failed download:
2026-02-04 11:08:20,979 | ERROR | yfinance | ['QQQ']: TypeError("'NoneType' object is not subscriptable")
2026-02-04 11:08:20,994 | ERROR | yfinance | 
1 Failed download:
2026-02-04 11:08:20,995 | ERROR | yfinance | ['QQQ']: TypeError("'NoneType' object is not subscriptable")
2026-02-04 11:08:22,013 | ERROR | yfinance | 
1 Failed download:
2026-02-04 11:08:22,013 | ERROR | yfinance | ['QQQ']: TypeError("'NoneType' object is not subscriptable")
2026-02-04 11:08:22,030 | ERROR | yfinance | 
1 Failed download:
2026-02-04 11:08:22,030 | ERROR | yfinance | ['QQQ']: TypeError("'NoneType' object is not subscriptable")
2026-02-04 11:08:24,048 | ERROR | yfinance | 
1 Failed download:
2026-02-04 11:08:24,048 | ERROR | yfinance | ['QQQ']: TypeError("'NoneType' object is not subscriptable")
2026-02-04 11:08:24,064 | ERROR | yfinance | 
1 Failed download:
2026-02-04 11:08:24,064 | ERROR | yfinance | ['QQQ']: TypeError("'NoneType' object is not subscriptable")
2026-02-04 11:08:24,549 | ERROR | yfinance | 
1 Failed download:
2026-02-04 11:08:24,549 | ERROR | yfinance | ['QQQ']: TypeError("'NoneType' object is not subscriptable")
2026-02-04 11:08:24,565 | ERROR | yfinance | 
1 Failed download:
2026-02-04 11:08:24,565 | ERROR | yfinance | ['QQQ']: TypeError("'NoneType' object is not subscriptable")
2026-02-04 11:08:25,583 | ERROR | yfinance | 
1 Failed download:
2026-02-04 11:08:25,583 | ERROR | yfinance | ['QQQ']: TypeError("'NoneType' object is not subscriptable")
2026-02-04 11:08:25,599 | ERROR | yfinance | 
1 Failed download:
2026-02-04 11:08:25,599 | ERROR | yfinance | ['QQQ']: TypeError("'NoneType' object is not subscriptable")
2026-02-04 11:08:27,617 | ERROR | yfinance | 
1 Failed download:
2026-02-04 11:08:27,618 | ERROR | yfinance | ['QQQ']: TypeError("'NoneType' object is not subscriptable")
2026-02-04 11:08:27,634 | ERROR | yfinance | 
1 Failed download:
2026-02-04 11:08:27,634 | ERROR | yfinance | ['QQQ']: TypeError("'NoneType' object is not subscriptable")
2026-02-04 11:08:28,117 | ERROR | yfinance | 
1 Failed download:
2026-02-04 11:08:28,118 | ERROR | yfinance | ['QQQ']: TypeError("'NoneType' object is not subscriptable")
2026-02-04 11:08:28,134 | ERROR | yfinance | 
1 Failed download:
2026-02-04 11:08:28,134 | ERROR | yfinance | ['QQQ']: TypeError("'NoneType' object is not subscriptable")
2026-02-04 11:08:29,152 | ERROR | yfinance | 
1 Failed download:
2026-02-04 11:08:29,153 | ERROR | yfinance | ['QQQ']: TypeError("'NoneType' object is not subscriptable")
2026-02-04 11:08:29,168 | ERROR | yfinance | 
1 Failed download:
2026-02-04 11:08:29,168 | ERROR | yfinance | ['QQQ']: TypeError("'NoneType' object is not subscriptable")
2026-02-04 11:08:31,186 | ERROR | yfinance | 
1 Failed download:
2026-02-04 11:08:31,186 | ERROR | yfinance | ['QQQ']: TypeError("'NoneType' object is not subscriptable")
2026-02-04 11:08:31,201 | ERROR | yfinance | 
1 Failed download:
2026-02-04 11:08:31,201 | ERROR | yfinance | ['QQQ']: TypeError("'NoneType' object is not subscriptable")
2026-02-04 11:08:31,689 | ERROR | yfinance | 
1 Failed download:
2026-02-04 11:08:31,689 | ERROR | yfinance | ['QQQ']: TypeError("'NoneType' object is not subscriptable")
2026-02-04 11:08:31,705 | ERROR | yfinance | 
1 Failed download:
2026-02-04 11:08:31,705 | ERROR | yfinance | ['QQQ']: TypeError("'NoneType' object is not subscriptable")
2026-02-04 11:08:32,722 | ERROR | yfinance | 
1 Failed download:
2026-02-04 11:08:32,722 | ERROR | yfinance | ['QQQ']: TypeError("'NoneType' object is not subscriptable")
2026-02-04 11:08:32,738 | ERROR | yfinance | 
1 Failed download:
2026-02-04 11:08:32,738 | ERROR | yfinance | ['QQQ']: TypeError("'NoneType' object is not subscriptable")
2026-02-04 11:08:34,758 | ERROR | yfinance | 
1 Failed download:
2026-02-04 11:08:34,758 | ERROR | yfinance | ['QQQ']: TypeError("'NoneType' object is not subscriptable")
2026-02-04 11:08:34,774 | ERROR | yfinance | 
1 Failed download:
2026-02-04 11:08:34,774 | ERROR | yfinance | ['QQQ']: TypeError("'NoneType' object is not subscriptable")
2026-02-04 11:08:35,257 | ERROR | yfinance | 
1 Failed download:
2026-02-04 11:08:35,257 | ERROR | yfinance | ['QQQ']: TypeError("'NoneType' object is not subscriptable")
2026-02-04 11:08:35,273 | ERROR | yfinance | 
1 Failed download:
2026-02-04 11:08:35,273 | ERROR | yfinance | ['QQQ']: TypeError("'NoneType' object is not subscriptable")
2026-02-04 11:08:36,291 | ERROR | yfinance | 
1 Failed download:
2026-02-04 11:08:36,291 | ERROR | yfinance | ['QQQ']: TypeError("'NoneType' object is not subscriptable")
2026-02-04 11:08:36,307 | ERROR | yfinance | 
1 Failed download:
2026-02-04 11:08:36,307 | ERROR | yfinance | ['QQQ']: TypeError("'NoneType' object is not subscriptable")
2026-02-04 11:08:38,328 | ERROR | yfinance | 
1 Failed download:
2026-02-04 11:08:38,328 | ERROR | yfinance | ['QQQ']: TypeError("'NoneType' object is not subscriptable")
2026-02-04 11:08:38,343 | ERROR | yfinance | 
1 Failed download:
2026-02-04 11:08:38,344 | ERROR | yfinance | ['QQQ']: TypeError("'NoneType' object is not subscriptable")
2026-02-04 11:08:38,826 | ERROR | yfinance | 
1 Failed download:
2026-02-04 11:08:38,827 | ERROR | yfinance | ['QQQ']: TypeError("'NoneType' object is not subscriptable")
2026-02-04 11:08:38,843 | ERROR | yfinance | 
1 Failed download:
2026-02-04 11:08:38,843 | ERROR | yfinance | ['QQQ']: TypeError("'NoneType' object is not subscriptable")
2026-02-04 11:08:39,861 | ERROR | yfinance | 
1 Failed download:
2026-02-04 11:08:39,862 | ERROR | yfinance | ['QQQ']: TypeError("'NoneType' object is not subscriptable")
2026-02-04 11:08:39,878 | ERROR | yfinance | 
1 Failed download:
2026-02-04 11:08:39,878 | ERROR | yfinance | ['QQQ']: TypeError("'NoneType' object is not subscriptable")
2026-02-04 11:08:41,896 | ERROR | yfinance | 
1 Failed download:
2026-02-04 11:08:41,896 | ERROR | yfinance | ['QQQ']: TypeError("'NoneType' object is not subscriptable")
2026-02-04 11:08:41,911 | ERROR | yfinance | 
1 Failed download:
2026-02-04 11:08:41,912 | ERROR | yfinance | ['QQQ']: TypeError("'NoneType' object is not subscriptable")
2026-02-04 11:08:42,397 | ERROR | yfinance | 
1 Failed download:
2026-02-04 11:08:42,397 | ERROR | yfinance | ['QQQ']: TypeError("'NoneType' object is not subscriptable")
2026-02-04 11:08:42,415 | ERROR | yfinance | 
1 Failed download:
2026-02-04 11:08:42,415 | ERROR | yfinance | ['QQQ']: TypeError("'NoneType' object is not subscriptable")
2026-02-04 11:08:43,432 | ERROR | yfinance | 
1 Failed download:
2026-02-04 11:08:43,432 | ERROR | yfinance | ['QQQ']: TypeError("'NoneType' object is not subscriptable")
2026-02-04 11:08:43,450 | ERROR | yfinance | 
1 Failed download:
2026-02-04 11:08:43,450 | ERROR | yfinance | ['QQQ']: TypeError("'NoneType' object is not subscriptable")
2026-02-04 11:08:45,467 | ERROR | yfinance | 
1 Failed download:
2026-02-04 11:08:45,467 | ERROR | yfinance | ['QQQ']: TypeError("'NoneType' object is not subscriptable")
2026-02-04 11:08:45,484 | ERROR | yfinance | 
1 Failed download:
2026-02-04 11:08:45,484 | ERROR | yfinance | ['QQQ']: TypeError("'NoneType' object is not subscriptable")
2026-02-04 11:08:45,968 | ERROR | yfinance | 
1 Failed download:
2026-02-04 11:08:45,968 | ERROR | yfinance | ['QQQ']: TypeError("'NoneType' object is not subscriptable")
2026-02-04 11:08:45,984 | ERROR | yfinance | 
1 Failed download:
2026-02-04 11:08:45,985 | ERROR | yfinance | ['QQQ']: TypeError("'NoneType' object is not subscriptable")
2026-02-04 11:08:47,003 | ERROR | yfinance | 
1 Failed download:
2026-02-04 11:08:47,003 | ERROR | yfinance | ['QQQ']: TypeError("'NoneType' object is not subscriptable")
2026-02-04 11:08:47,019 | ERROR | yfinance | 
1 Failed download:
2026-02-04 11:08:47,019 | ERROR | yfinance | ['QQQ']: TypeError("'NoneType' object is not subscriptable")
2026-02-04 11:08:49,037 | ERROR | yfinance | 
1 Failed download:
2026-02-04 11:08:49,037 | ERROR | yfinance | ['QQQ']: TypeError("'NoneType' object is not subscriptable")
2026-02-04 11:08:49,054 | ERROR | yfinance | 
1 Failed download:
2026-02-04 11:08:49,054 | ERROR | yfinance | ['QQQ']: TypeError("'NoneType' object is not subscriptable")
2026-02-04 11:08:49,538 | ERROR | yfinance | 
1 Failed download:
2026-02-04 11:08:49,538 | ERROR | yfinance | ['QQQ']: TypeError("'NoneType' object is not subscriptable")
2026-02-04 11:08:49,555 | ERROR | yfinance | 
1 Failed download:
2026-02-04 11:08:49,555 | ERROR | yfinance | ['QQQ']: TypeError("'NoneType' object is not subscriptable")
2026-02-04 11:08:50,572 | ERROR | yfinance | 
1 Failed download:
2026-02-04 11:08:50,572 | ERROR | yfinance | ['QQQ']: TypeError("'NoneType' object is not subscriptable")
2026-02-04 11:08:50,590 | ERROR | yfinance | 
1 Failed download:
2026-02-04 11:08:50,590 | ERROR | yfinance | ['QQQ']: TypeError("'NoneType' object is not subscriptable")
2026-02-04 11:08:52,607 | ERROR | yfinance | 
1 Failed download:
2026-02-04 11:08:52,607 | ERROR | yfinance | ['QQQ']: TypeError("'NoneType' object is not subscriptable")
2026-02-04 11:08:52,623 | ERROR | yfinance | 
1 Failed download:
2026-02-04 11:08:52,623 | ERROR | yfinance | ['QQQ']: TypeError("'NoneType' object is not subscriptable")
2026-02-04 11:08:53,107 | ERROR | yfinance | 
1 Failed download:
2026-02-04 11:08:53,107 | ERROR | yfinance | ['QQQ']: TypeError("'NoneType' object is not subscriptable")
2026-02-04 11:08:53,124 | ERROR | yfinance | 
1 Failed download:
2026-02-04 11:08:53,124 | ERROR | yfinance | ['QQQ']: TypeError("'NoneType' object is not subscriptable")
2026-02-04 11:08:54,142 | ERROR | yfinance | 
1 Failed download:
2026-02-04 11:08:54,142 | ERROR | yfinance | ['QQQ']: TypeError("'NoneType' object is not subscriptable")
2026-02-04 11:08:54,160 | ERROR | yfinance | 
1 Failed download:
2026-02-04 11:08:54,160 | ERROR | yfinance | ['QQQ']: TypeError("'NoneType' object is not subscriptable")
2026-02-04 11:08:56,176 | ERROR | yfinance | 
1 Failed download:
2026-02-04 11:08:56,176 | ERROR | yfinance | ['QQQ']: TypeError("'NoneType' object is not subscriptable")
2026-02-04 11:08:56,192 | ERROR | yfinance | 
1 Failed download:
2026-02-04 11:08:56,192 | ERROR | yfinance | ['QQQ']: TypeError("'NoneType' object is not subscriptable")
2026-02-04 11:08:56,676 | ERROR | yfinance | 
1 Failed download:
2026-02-04 11:08:56,677 | ERROR | yfinance | ['QQQ']: TypeError("'NoneType' object is not subscriptable")
2026-02-04 11:08:56,693 | ERROR | yfinance | 
1 Failed download:
2026-02-04 11:08:56,693 | ERROR | yfinance | ['QQQ']: TypeError("'NoneType' object is not subscriptable")
2026-02-04 11:08:57,711 | ERROR | yfinance | 
1 Failed download:
2026-02-04 11:08:57,712 | ERROR | yfinance | ['QQQ']: TypeError("'NoneType' object is not subscriptable")
2026-02-04 11:08:57,728 | ERROR | yfinance | 
1 Failed download:
2026-02-04 11:08:57,728 | ERROR | yfinance | ['QQQ']: TypeError("'NoneType' object is not subscriptable")
2026-02-04 11:08:59,745 | ERROR | yfinance | 
1 Failed download:
2026-02-04 11:08:59,746 | ERROR | yfinance | ['QQQ']: TypeError("'NoneType' object is not subscriptable")
2026-02-04 11:08:59,763 | ERROR | yfinance | 
1 Failed download:
2026-02-04 11:08:59,763 | ERROR | yfinance | ['QQQ']: TypeError("'NoneType' object is not subscriptable")
2026-02-04 11:09:00,246 | ERROR | yfinance | 
1 Failed download:
2026-02-04 11:09:00,246 | ERROR | yfinance | ['QQQ']: TypeError("'NoneType' object is not subscriptable")
2026-02-04 11:09:00,265 | ERROR | yfinance | 
1 Failed download:
2026-02-04 11:09:00,265 | ERROR | yfinance | ['QQQ']: TypeError("'NoneType' object is not subscriptable")
2026-02-04 11:09:01,282 | ERROR | yfinance | 
1 Failed download:
2026-02-04 11:09:01,282 | ERROR | yfinance | ['QQQ']: TypeError("'NoneType' object is not subscriptable")
2026-02-04 11:09:01,298 | ERROR | yfinance | 
1 Failed download:
2026-02-04 11:09:01,298 | ERROR | yfinance | ['QQQ']: TypeError("'NoneType' object is not subscriptable")
2026-02-04 11:09:03,315 | ERROR | yfinance | 
1 Failed download:
2026-02-04 11:09:03,315 | ERROR | yfinance | ['QQQ']: TypeError("'NoneType' object is not subscriptable")
2026-02-04 11:09:03,331 | ERROR | yfinance | 
1 Failed download:
2026-02-04 11:09:03,331 | ERROR | yfinance | ['QQQ']: TypeError("'NoneType' object is not subscriptable")
2026-02-04 11:09:03,815 | ERROR | yfinance | 
1 Failed download:
2026-02-04 11:09:03,815 | ERROR | yfinance | ['QQQ']: TypeError("'NoneType' object is not subscriptable")
2026-02-04 11:09:03,831 | ERROR | yfinance | 
1 Failed download:
2026-02-04 11:09:03,832 | ERROR | yfinance | ['QQQ']: TypeError("'NoneType' object is not subscriptable")
2026-02-04 11:09:04,849 | ERROR | yfinance | 
1 Failed download:
2026-02-04 11:09:04,849 | ERROR | yfinance | ['QQQ']: TypeError("'NoneType' object is not subscriptable")
2026-02-04 11:09:04,864 | ERROR | yfinance | 
1 Failed download:
2026-02-04 11:09:04,865 | ERROR | yfinance | ['QQQ']: TypeError("'NoneType' object is not subscriptable")
2026-02-04 11:09:06,883 | ERROR | yfinance | 
1 Failed download:
2026-02-04 11:09:06,883 | ERROR | yfinance | ['QQQ']: TypeError("'NoneType' object is not subscriptable")
2026-02-04 11:09:06,899 | ERROR | yfinance | 
1 Failed download:
2026-02-04 11:09:06,900 | ERROR | yfinance | ['QQQ']: TypeError("'NoneType' object is not subscriptable")
2026-02-04 11:09:07,385 | ERROR | yfinance | 
1 Failed download:
2026-02-04 11:09:07,385 | ERROR | yfinance | ['QQQ']: TypeError("'NoneType' object is not subscriptable")
2026-02-04 11:09:07,400 | ERROR | yfinance | 
1 Failed download:
2026-02-04 11:09:07,400 | ERROR | yfinance | ['QQQ']: TypeError("'NoneType' object is not subscriptable")
2026-02-04 11:09:08,417 | ERROR | yfinance | 
1 Failed download:
2026-02-04 11:09:08,418 | ERROR | yfinance | ['QQQ']: TypeError("'NoneType' object is not subscriptable")
2026-02-04 11:09:08,434 | ERROR | yfinance | 
1 Failed download:
2026-02-04 11:09:08,434 | ERROR | yfinance | ['QQQ']: TypeError("'NoneType' object is not subscriptable")
2026-02-04 11:09:10,444 | ERROR | yfinance | 
1 Failed download:
2026-02-04 11:09:10,446 | ERROR | yfinance | ['QQQ']: TypeError("'NoneType' object is not subscriptable")
2026-02-04 11:09:10,461 | ERROR | yfinance | 
1 Failed download:
2026-02-04 11:09:10,461 | ERROR | yfinance | ['QQQ']: TypeError("'NoneType' object is not subscriptable")
2026-02-04 11:09:10,953 | ERROR | yfinance | 
1 Failed download:
2026-02-04 11:09:10,953 | ERROR | yfinance | ['QQQ']: TypeError("'NoneType' object is not subscriptable")
2026-02-04 11:09:10,969 | ERROR | yfinance | 
1 Failed download:
2026-02-04 11:09:10,970 | ERROR | yfinance | ['QQQ']: TypeError("'NoneType' object is not subscriptable")
2026-02-04 11:09:11,988 | ERROR | yfinance | 
1 Failed download:
2026-02-04 11:09:11,988 | ERROR | yfinance | ['QQQ']: TypeError("'NoneType' object is not subscriptable")
2026-02-04 11:09:12,004 | ERROR | yfinance | 
1 Failed download:
2026-02-04 11:09:12,004 | ERROR | yfinance | ['QQQ']: TypeError("'NoneType' object is not subscriptable")
2026-02-04 11:09:14,022 | ERROR | yfinance | 
1 Failed download:
2026-02-04 11:09:14,022 | ERROR | yfinance | ['QQQ']: TypeError("'NoneType' object is not subscriptable")
2026-02-04 11:09:14,039 | ERROR | yfinance | 
1 Failed download:
2026-02-04 11:09:14,039 | ERROR | yfinance | ['QQQ']: TypeError("'NoneType' object is not subscriptable")
2026-02-04 11:09:14,522 | ERROR | yfinance | 
1 Failed download:
2026-02-04 11:09:14,523 | ERROR | yfinance | ['QQQ']: TypeError("'NoneType' object is not subscriptable")
2026-02-04 11:09:14,539 | ERROR | yfinance | 
1 Failed download:
2026-02-04 11:09:14,539 | ERROR | yfinance | ['QQQ']: TypeError("'NoneType' object is not subscriptable")
2026-02-04 11:09:15,557 | ERROR | yfinance | 
1 Failed download:
2026-02-04 11:09:15,557 | ERROR | yfinance | ['QQQ']: TypeError("'NoneType' object is not subscriptable")
2026-02-04 11:09:15,574 | ERROR | yfinance | 
1 Failed download:
2026-02-04 11:09:15,574 | ERROR | yfinance | ['QQQ']: TypeError("'NoneType' object is not subscriptable")
2026-02-04 11:09:17,591 | ERROR | yfinance | 
1 Failed download:
2026-02-04 11:09:17,592 | ERROR | yfinance | ['QQQ']: TypeError("'NoneType' object is not subscriptable")
2026-02-04 11:09:17,608 | ERROR | yfinance | 
1 Failed download:
2026-02-04 11:09:17,609 | ERROR | yfinance | ['QQQ']: TypeError("'NoneType' object is not subscriptable")
2026-02-04 11:09:18,092 | ERROR | yfinance | 
1 Failed download:
2026-02-04 11:09:18,092 | ERROR | yfinance | ['QQQ']: TypeError("'NoneType' object is not subscriptable")
2026-02-04 11:09:18,108 | ERROR | yfinance | 
1 Failed download:
2026-02-04 11:09:18,108 | ERROR | yfinance | ['QQQ']: TypeError("'NoneType' object is not subscriptable")
2026-02-04 11:09:19,126 | ERROR | yfinance | 
1 Failed download:
2026-02-04 11:09:19,126 | ERROR | yfinance | ['QQQ']: TypeError("'NoneType' object is not subscriptable")
2026-02-04 11:09:19,141 | ERROR | yfinance | 
1 Failed download:
2026-02-04 11:09:19,141 | ERROR | yfinance | ['QQQ']: TypeError("'NoneType' object is not subscriptable")
2026-02-04 11:09:21,158 | ERROR | yfinance | 
1 Failed download:
2026-02-04 11:09:21,159 | ERROR | yfinance | ['QQQ']: TypeError("'NoneType' object is not subscriptable")
2026-02-04 11:09:21,175 | ERROR | yfinance | 
1 Failed download:
2026-02-04 11:09:21,175 | ERROR | yfinance | ['QQQ']: TypeError("'NoneType' object is not subscriptable")
2026-02-04 11:09:21,661 | ERROR | yfinance | 
1 Failed download:
2026-02-04 11:09:21,661 | ERROR | yfinance | ['QQQ']: TypeError("'NoneType' object is not subscriptable")
2026-02-04 11:09:21,676 | ERROR | yfinance | 
1 Failed download:
2026-02-04 11:09:21,676 | ERROR | yfinance | ['QQQ']: TypeError("'NoneType' object is not subscriptable")
2026-02-04 11:09:22,693 | ERROR | yfinance | 
1 Failed download:
2026-02-04 11:09:22,693 | ERROR | yfinance | ['QQQ']: TypeError("'NoneType' object is not subscriptable")
2026-02-04 11:09:22,709 | ERROR | yfinance | 
1 Failed download:
2026-02-04 11:09:22,709 | ERROR | yfinance | ['QQQ']: TypeError("'NoneType' object is not subscriptable")
2026-02-04 11:09:24,726 | ERROR | yfinance | 
1 Failed download:
2026-02-04 11:09:24,726 | ERROR | yfinance | ['QQQ']: TypeError("'NoneType' object is not subscriptable")
2026-02-04 11:09:24,744 | ERROR | yfinance | 
1 Failed download:
2026-02-04 11:09:24,744 | ERROR | yfinance | ['QQQ']: TypeError("'NoneType' object is not subscriptable")
2026-02-04 11:09:25,226 | ERROR | yfinance | 
1 Failed download:
2026-02-04 11:09:25,227 | ERROR | yfinance | ['QQQ']: TypeError("'NoneType' object is not subscriptable")
2026-02-04 11:09:25,242 | ERROR | yfinance | 
1 Failed download:
2026-02-04 11:09:25,243 | ERROR | yfinance | ['QQQ']: TypeError("'NoneType' object is not subscriptable")
2026-02-04 11:09:26,260 | ERROR | yfinance | 
1 Failed download:
2026-02-04 11:09:26,260 | ERROR | yfinance | ['QQQ']: TypeError("'NoneType' object is not subscriptable")
2026-02-04 11:09:26,276 | ERROR | yfinance | 
1 Failed download:
2026-02-04 11:09:26,276 | ERROR | yfinance | ['QQQ']: TypeError("'NoneType' object is not subscriptable")
2026-02-04 11:09:28,293 | ERROR | yfinance | 
1 Failed download:
2026-02-04 11:09:28,293 | ERROR | yfinance | ['QQQ']: TypeError("'NoneType' object is not subscriptable")
2026-02-04 11:09:28,312 | ERROR | yfinance | 
1 Failed download:
2026-02-04 11:09:28,312 | ERROR | yfinance | ['QQQ']: TypeError("'NoneType' object is not subscriptable")
2026-02-04 11:09:28,794 | ERROR | yfinance | 
1 Failed download:
2026-02-04 11:09:28,794 | ERROR | yfinance | ['QQQ']: TypeError("'NoneType' object is not subscriptable")
2026-02-04 11:09:28,812 | ERROR | yfinance | 
1 Failed download:
2026-02-04 11:09:28,812 | ERROR | yfinance | ['QQQ']: TypeError("'NoneType' object is not subscriptable")
2026-02-04 11:09:29,830 | ERROR | yfinance | 
1 Failed download:
2026-02-04 11:09:29,830 | ERROR | yfinance | ['QQQ']: TypeError("'NoneType' object is not subscriptable")
2026-02-04 11:09:29,846 | ERROR | yfinance | 
1 Failed download:
2026-02-04 11:09:29,846 | ERROR | yfinance | ['QQQ']: TypeError("'NoneType' object is not subscriptable")
2026-02-04 11:09:31,863 | ERROR | yfinance | 
1 Failed download:
2026-02-04 11:09:31,863 | ERROR | yfinance | ['QQQ']: TypeError("'NoneType' object is not subscriptable")
2026-02-04 11:09:31,879 | ERROR | yfinance | 
1 Failed download:
2026-02-04 11:09:31,879 | ERROR | yfinance | ['QQQ']: TypeError("'NoneType' object is not subscriptable")
2026-02-04 11:09:32,363 | ERROR | yfinance | 
1 Failed download:
2026-02-04 11:09:32,364 | ERROR | yfinance | ['QQQ']: TypeError("'NoneType' object is not subscriptable")
2026-02-04 11:09:32,380 | ERROR | yfinance | 
1 Failed download:
2026-02-04 11:09:32,380 | ERROR | yfinance | ['QQQ']: TypeError("'NoneType' object is not subscriptable")
2026-02-04 11:09:33,398 | ERROR | yfinance | 
1 Failed download:
2026-02-04 11:09:33,398 | ERROR | yfinance | ['QQQ']: TypeError("'NoneType' object is not subscriptable")
2026-02-04 11:09:33,415 | ERROR | yfinance | 
1 Failed download:
2026-02-04 11:09:33,415 | ERROR | yfinance | ['QQQ']: TypeError("'NoneType' object is not subscriptable")
2026-02-04 11:09:35,432 | ERROR | yfinance | 
1 Failed download:
2026-02-04 11:09:35,432 | ERROR | yfinance | ['QQQ']: TypeError("'NoneType' object is not subscriptable")
2026-02-04 11:09:35,450 | ERROR | yfinance | 
1 Failed download:
2026-02-04 11:09:35,450 | ERROR | yfinance | ['QQQ']: TypeError("'NoneType' object is not subscriptable")
2026-02-04 11:09:35,932 | ERROR | yfinance | 
1 Failed download:
2026-02-04 11:09:35,933 | ERROR | yfinance | ['QQQ']: TypeError("'NoneType' object is not subscriptable")
2026-02-04 11:09:35,949 | ERROR | yfinance | 
1 Failed download:
2026-02-04 11:09:35,949 | ERROR | yfinance | ['QQQ']: TypeError("'NoneType' object is not subscriptable")
2026-02-04 11:09:36,967 | ERROR | yfinance | 
1 Failed download:
2026-02-04 11:09:36,967 | ERROR | yfinance | ['QQQ']: TypeError("'NoneType' object is not subscriptable")
2026-02-04 11:09:36,983 | ERROR | yfinance | 
1 Failed download:
2026-02-04 11:09:36,983 | ERROR | yfinance | ['QQQ']: TypeError("'NoneType' object is not subscriptable")
2026-02-04 11:09:39,001 | ERROR | yfinance | 
1 Failed download:
2026-02-04 11:09:39,001 | ERROR | yfinance | ['QQQ']: TypeError("'NoneType' object is not subscriptable")
2026-02-04 11:09:39,017 | ERROR | yfinance | 
1 Failed download:
2026-02-04 11:09:39,017 | ERROR | yfinance | ['QQQ']: TypeError("'NoneType' object is not subscriptable")
2026-02-04 11:09:39,502 | ERROR | yfinance | 
1 Failed download:
2026-02-04 11:09:39,502 | ERROR | yfinance | ['QQQ']: TypeError("'NoneType' object is not subscriptable")
2026-02-04 11:09:39,518 | ERROR | yfinance | 
1 Failed download:
2026-02-04 11:09:39,519 | ERROR | yfinance | ['QQQ']: TypeError("'NoneType' object is not subscriptable")
2026-02-04 11:09:40,537 | ERROR | yfinance | 
1 Failed download:
2026-02-04 11:09:40,537 | ERROR | yfinance | ['QQQ']: TypeError("'NoneType' object is not subscriptable")
2026-02-04 11:09:40,557 | ERROR | yfinance | 
1 Failed download:
2026-02-04 11:09:40,557 | ERROR | yfinance | ['QQQ']: TypeError("'NoneType' object is not subscriptable")
2026-02-04 11:09:42,573 | ERROR | yfinance | 
1 Failed download:
2026-02-04 11:09:42,573 | ERROR | yfinance | ['QQQ']: TypeError("'NoneType' object is not subscriptable")
2026-02-04 11:09:42,589 | ERROR | yfinance | 
1 Failed download:
2026-02-04 11:09:42,589 | ERROR | yfinance | ['QQQ']: TypeError("'NoneType' object is not subscriptable")
2026-02-04 11:09:43,074 | ERROR | yfinance | 
1 Failed download:
2026-02-04 11:09:43,074 | ERROR | yfinance | ['QQQ']: TypeError("'NoneType' object is not subscriptable")
2026-02-04 11:09:43,089 | ERROR | yfinance | 
1 Failed download:
2026-02-04 11:09:43,090 | ERROR | yfinance | ['QQQ']: TypeError("'NoneType' object is not subscriptable")
2026-02-04 11:09:44,107 | ERROR | yfinance | 
1 Failed download:
2026-02-04 11:09:44,107 | ERROR | yfinance | ['QQQ']: TypeError("'NoneType' object is not subscriptable")
2026-02-04 11:09:44,123 | ERROR | yfinance | 
1 Failed download:
2026-02-04 11:09:44,123 | ERROR | yfinance | ['QQQ']: TypeError("'NoneType' object is not subscriptable")
2026-02-04 11:09:46,143 | ERROR | yfinance | 
1 Failed download:
2026-02-04 11:09:46,143 | ERROR | yfinance | ['QQQ']: TypeError("'NoneType' object is not subscriptable")
2026-02-04 11:09:46,158 | ERROR | yfinance | 
1 Failed download:
2026-02-04 11:09:46,159 | ERROR | yfinance | ['QQQ']: TypeError("'NoneType' object is not subscriptable")
2026-02-04 11:09:46,642 | ERROR | yfinance | 
1 Failed download:
2026-02-04 11:09:46,642 | ERROR | yfinance | ['QQQ']: TypeError("'NoneType' object is not subscriptable")
2026-02-04 11:09:46,658 | ERROR | yfinance | 
1 Failed download:
2026-02-04 11:09:46,658 | ERROR | yfinance | ['QQQ']: TypeError("'NoneType' object is not subscriptable")
2026-02-04 11:09:47,676 | ERROR | yfinance | 
1 Failed download:
2026-02-04 11:09:47,676 | ERROR | yfinance | ['QQQ']: TypeError("'NoneType' object is not subscriptable")
2026-02-04 11:09:47,692 | ERROR | yfinance | 
1 Failed download:
2026-02-04 11:09:47,692 | ERROR | yfinance | ['QQQ']: TypeError("'NoneType' object is not subscriptable")
2026-02-04 11:09:49,711 | ERROR | yfinance | 
1 Failed download:
2026-02-04 11:09:49,711 | ERROR | yfinance | ['QQQ']: TypeError("'NoneType' object is not subscriptable")
2026-02-04 11:09:49,727 | ERROR | yfinance | 
1 Failed download:
2026-02-04 11:09:49,727 | ERROR | yfinance | ['QQQ']: TypeError("'NoneType' object is not subscriptable")
2026-02-04 11:09:50,212 | ERROR | yfinance | 
1 Failed download:
2026-02-04 11:09:50,212 | ERROR | yfinance | ['QQQ']: TypeError("'NoneType' object is not subscriptable")
2026-02-04 11:09:50,228 | ERROR | yfinance | 
1 Failed download:
2026-02-04 11:09:50,228 | ERROR | yfinance | ['QQQ']: TypeError("'NoneType' object is not subscriptable")
2026-02-04 11:09:51,245 | ERROR | yfinance | 
1 Failed download:
2026-02-04 11:09:51,245 | ERROR | yfinance | ['QQQ']: TypeError("'NoneType' object is not subscriptable")
2026-02-04 11:09:51,262 | ERROR | yfinance | 
1 Failed download:
2026-02-04 11:09:51,262 | ERROR | yfinance | ['QQQ']: TypeError("'NoneType' object is not subscriptable")
2026-02-04 11:09:53,280 | ERROR | yfinance | 
1 Failed download:
2026-02-04 11:09:53,280 | ERROR | yfinance | ['QQQ']: TypeError("'NoneType' object is not subscriptable")
2026-02-04 11:09:53,297 | ERROR | yfinance | 
1 Failed download:
2026-02-04 11:09:53,297 | ERROR | yfinance | ['QQQ']: TypeError("'NoneType' object is not subscriptable")
2026-02-04 11:09:53,781 | ERROR | yfinance | 
1 Failed download:
2026-02-04 11:09:53,781 | ERROR | yfinance | ['QQQ']: TypeError("'NoneType' object is not subscriptable")
2026-02-04 11:09:53,799 | ERROR | yfinance | 
1 Failed download:
2026-02-04 11:09:53,799 | ERROR | yfinance | ['QQQ']: TypeError("'NoneType' object is not subscriptable")
2026-02-04 11:09:54,815 | ERROR | yfinance | 
1 Failed download:
2026-02-04 11:09:54,815 | ERROR | yfinance | ['QQQ']: TypeError("'NoneType' object is not subscriptable")
2026-02-04 11:09:54,831 | ERROR | yfinance | 
1 Failed download:
2026-02-04 11:09:54,831 | ERROR | yfinance | ['QQQ']: TypeError("'NoneType' object is not subscriptable")
2026-02-04 11:09:56,848 | ERROR | yfinance | 
1 Failed download:
2026-02-04 11:09:56,848 | ERROR | yfinance | ['QQQ']: TypeError("'NoneType' object is not subscriptable")
2026-02-04 11:09:56,865 | ERROR | yfinance | 
1 Failed download:
2026-02-04 11:09:56,865 | ERROR | yfinance | ['QQQ']: TypeError("'NoneType' object is not subscriptable")
2026-02-04 11:09:57,349 | ERROR | yfinance | 
1 Failed download:
2026-02-04 11:09:57,350 | ERROR | yfinance | ['QQQ']: TypeError("'NoneType' object is not subscriptable")
2026-02-04 11:09:57,365 | ERROR | yfinance | 
1 Failed download:
2026-02-04 11:09:57,366 | ERROR | yfinance | ['QQQ']: TypeError("'NoneType' object is not subscriptable")
2026-02-04 11:09:58,384 | ERROR | yfinance | 
1 Failed download:
2026-02-04 11:09:58,384 | ERROR | yfinance | ['QQQ']: TypeError("'NoneType' object is not subscriptable")
2026-02-04 11:09:58,400 | ERROR | yfinance | 
1 Failed download:
2026-02-04 11:09:58,401 | ERROR | yfinance | ['QQQ']: TypeError("'NoneType' object is not subscriptable")
2026-02-04 11:10:00,419 | ERROR | yfinance | 
1 Failed download:
2026-02-04 11:10:00,419 | ERROR | yfinance | ['QQQ']: TypeError("'NoneType' object is not subscriptable")
2026-02-04 11:10:00,436 | ERROR | yfinance | 
1 Failed download:
2026-02-04 11:10:00,436 | ERROR | yfinance | ['QQQ']: TypeError("'NoneType' object is not subscriptable")
2026-02-04 11:10:00,921 | ERROR | yfinance | 
1 Failed download:
2026-02-04 11:10:00,921 | ERROR | yfinance | ['QQQ']: TypeError("'NoneType' object is not subscriptable")
2026-02-04 11:10:00,937 | ERROR | yfinance | 
1 Failed download:
2026-02-04 11:10:00,937 | ERROR | yfinance | ['QQQ']: TypeError("'NoneType' object is not subscriptable")
2026-02-04 11:10:01,954 | ERROR | yfinance | 
1 Failed download:
2026-02-04 11:10:01,954 | ERROR | yfinance | ['QQQ']: TypeError("'NoneType' object is not subscriptable")
2026-02-04 11:10:01,971 | ERROR | yfinance | 
1 Failed download:
2026-02-04 11:10:01,971 | ERROR | yfinance | ['QQQ']: TypeError("'NoneType' object is not subscriptable")
2026-02-04 11:10:03,988 | ERROR | yfinance | 
1 Failed download:
2026-02-04 11:10:03,988 | ERROR | yfinance | ['QQQ']: TypeError("'NoneType' object is not subscriptable")
2026-02-04 11:10:04,005 | ERROR | yfinance | 
1 Failed download:
2026-02-04 11:10:04,005 | ERROR | yfinance | ['QQQ']: TypeError("'NoneType' object is not subscriptable")
2026-02-04 11:10:04,489 | ERROR | yfinance | 
1 Failed download:
2026-02-04 11:10:04,489 | ERROR | yfinance | ['QQQ']: TypeError("'NoneType' object is not subscriptable")
2026-02-04 11:10:04,506 | ERROR | yfinance | 
1 Failed download:
2026-02-04 11:10:04,506 | ERROR | yfinance | ['QQQ']: TypeError("'NoneType' object is not subscriptable")
2026-02-04 11:10:05,523 | ERROR | yfinance | 
1 Failed download:
2026-02-04 11:10:05,523 | ERROR | yfinance | ['QQQ']: TypeError("'NoneType' object is not subscriptable")
2026-02-04 11:10:05,540 | ERROR | yfinance | 
1 Failed download:
2026-02-04 11:10:05,540 | ERROR | yfinance | ['QQQ']: TypeError("'NoneType' object is not subscriptable")
2026-02-04 11:10:07,557 | ERROR | yfinance | 
1 Failed download:
2026-02-04 11:10:07,557 | ERROR | yfinance | ['QQQ']: TypeError("'NoneType' object is not subscriptable")
2026-02-04 11:10:07,573 | ERROR | yfinance | 
1 Failed download:
2026-02-04 11:10:07,573 | ERROR | yfinance | ['QQQ']: TypeError("'NoneType' object is not subscriptable")
2026-02-04 11:10:08,057 | ERROR | yfinance | 
1 Failed download:
2026-02-04 11:10:08,057 | ERROR | yfinance | ['QQQ']: TypeError("'NoneType' object is not subscriptable")
2026-02-04 11:10:08,073 | ERROR | yfinance | 
1 Failed download:
2026-02-04 11:10:08,074 | ERROR | yfinance | ['QQQ']: TypeError("'NoneType' object is not subscriptable")
2026-02-04 11:10:09,091 | ERROR | yfinance | 
1 Failed download:
2026-02-04 11:10:09,091 | ERROR | yfinance | ['QQQ']: TypeError("'NoneType' object is not subscriptable")
2026-02-04 11:10:09,107 | ERROR | yfinance | 
1 Failed download:
2026-02-04 11:10:09,108 | ERROR | yfinance | ['QQQ']: TypeError("'NoneType' object is not subscriptable")
2026-02-04 11:10:11,126 | ERROR | yfinance | 
1 Failed download:
2026-02-04 11:10:11,127 | ERROR | yfinance | ['QQQ']: TypeError("'NoneType' object is not subscriptable")
2026-02-04 11:10:11,143 | ERROR | yfinance | 
1 Failed download:
2026-02-04 11:10:11,143 | ERROR | yfinance | ['QQQ']: TypeError("'NoneType' object is not subscriptable")
2026-02-04 11:10:11,626 | ERROR | yfinance | 
1 Failed download:
2026-02-04 11:10:11,626 | ERROR | yfinance | ['QQQ']: TypeError("'NoneType' object is not subscriptable")
2026-02-04 11:10:11,642 | ERROR | yfinance | 
1 Failed download:
2026-02-04 11:10:11,642 | ERROR | yfinance | ['QQQ']: TypeError("'NoneType' object is not subscriptable")
2026-02-04 11:10:12,660 | ERROR | yfinance | 
1 Failed download:
2026-02-04 11:10:12,661 | ERROR | yfinance | ['QQQ']: TypeError("'NoneType' object is not subscriptable")
2026-02-04 11:10:12,677 | ERROR | yfinance | 
1 Failed download:
2026-02-04 11:10:12,677 | ERROR | yfinance | ['QQQ']: TypeError("'NoneType' object is not subscriptable")
2026-02-04 11:10:14,696 | ERROR | yfinance | 
1 Failed download:
2026-02-04 11:10:14,696 | ERROR | yfinance | ['QQQ']: TypeError("'NoneType' object is not subscriptable")
2026-02-04 11:10:14,711 | ERROR | yfinance | 
1 Failed download:
2026-02-04 11:10:14,712 | ERROR | yfinance | ['QQQ']: TypeError("'NoneType' object is not subscriptable")
2026-02-04 11:10:15,196 | ERROR | yfinance | 
1 Failed download:
2026-02-04 11:10:15,196 | ERROR | yfinance | ['QQQ']: TypeError("'NoneType' object is not subscriptable")
2026-02-04 11:10:15,213 | ERROR | yfinance | 
1 Failed download:
2026-02-04 11:10:15,213 | ERROR | yfinance | ['QQQ']: TypeError("'NoneType' object is not subscriptable")
2026-02-04 11:10:16,231 | ERROR | yfinance | 
1 Failed download:
2026-02-04 11:10:16,231 | ERROR | yfinance | ['QQQ']: TypeError("'NoneType' object is not subscriptable")
2026-02-04 11:10:16,247 | ERROR | yfinance | 
1 Failed download:
2026-02-04 11:10:16,248 | ERROR | yfinance | ['QQQ']: TypeError("'NoneType' object is not subscriptable")
2026-02-04 11:10:18,264 | ERROR | yfinance | 
1 Failed download:
2026-02-04 11:10:18,264 | ERROR | yfinance | ['QQQ']: TypeError("'NoneType' object is not subscriptable")
2026-02-04 11:10:18,280 | ERROR | yfinance | 
1 Failed download:
2026-02-04 11:10:18,280 | ERROR | yfinance | ['QQQ']: TypeError("'NoneType' object is not subscriptable")
2026-02-04 11:10:18,765 | ERROR | yfinance | 
1 Failed download:
2026-02-04 11:10:18,765 | ERROR | yfinance | ['QQQ']: TypeError("'NoneType' object is not subscriptable")
2026-02-04 11:10:18,783 | ERROR | yfinance | 
1 Failed download:
2026-02-04 11:10:18,783 | ERROR | yfinance | ['QQQ']: TypeError("'NoneType' object is not subscriptable")
2026-02-04 11:10:19,800 | ERROR | yfinance | 
1 Failed download:
2026-02-04 11:10:19,800 | ERROR | yfinance | ['QQQ']: TypeError("'NoneType' object is not subscriptable")
2026-02-04 11:10:19,816 | ERROR | yfinance | 
1 Failed download:
2026-02-04 11:10:19,816 | ERROR | yfinance | ['QQQ']: TypeError("'NoneType' object is not subscriptable")
2026-02-04 11:10:21,835 | ERROR | yfinance | 
1 Failed download:
2026-02-04 11:10:21,835 | ERROR | yfinance | ['QQQ']: TypeError("'NoneType' object is not subscriptable")
2026-02-04 11:10:21,851 | ERROR | yfinance | 
1 Failed download:
2026-02-04 11:10:21,851 | ERROR | yfinance | ['QQQ']: TypeError("'NoneType' object is not subscriptable")
2026-02-04 11:10:22,334 | ERROR | yfinance | 
1 Failed download:
2026-02-04 11:10:22,334 | ERROR | yfinance | ['QQQ']: TypeError("'NoneType' object is not subscriptable")
2026-02-04 11:10:22,351 | ERROR | yfinance | 
1 Failed download:
2026-02-04 11:10:22,351 | ERROR | yfinance | ['QQQ']: TypeError("'NoneType' object is not subscriptable")
2026-02-04 11:10:23,368 | ERROR | yfinance | 
1 Failed download:
2026-02-04 11:10:23,368 | ERROR | yfinance | ['QQQ']: TypeError("'NoneType' object is not subscriptable")
2026-02-04 11:10:23,385 | ERROR | yfinance | 
1 Failed download:
2026-02-04 11:10:23,385 | ERROR | yfinance | ['QQQ']: TypeError("'NoneType' object is not subscriptable")
2026-02-04 11:10:25,402 | ERROR | yfinance | 
1 Failed download:
2026-02-04 11:10:25,402 | ERROR | yfinance | ['QQQ']: TypeError("'NoneType' object is not subscriptable")
2026-02-04 11:10:25,420 | ERROR | yfinance | 
1 Failed download:
2026-02-04 11:10:25,420 | ERROR | yfinance | ['QQQ']: TypeError("'NoneType' object is not subscriptable")
2026-02-04 11:10:25,902 | ERROR | yfinance | 
1 Failed download:
2026-02-04 11:10:25,903 | ERROR | yfinance | ['QQQ']: TypeError("'NoneType' object is not subscriptable")
2026-02-04 11:10:25,918 | ERROR | yfinance | 
1 Failed download:
2026-02-04 11:10:25,919 | ERROR | yfinance | ['QQQ']: TypeError("'NoneType' object is not subscriptable")
2026-02-04 11:10:26,937 | ERROR | yfinance | 
1 Failed download:
2026-02-04 11:10:26,937 | ERROR | yfinance | ['QQQ']: TypeError("'NoneType' object is not subscriptable")
2026-02-04 11:10:26,953 | ERROR | yfinance | 
1 Failed download:
2026-02-04 11:10:26,953 | ERROR | yfinance | ['QQQ']: TypeError("'NoneType' object is not subscriptable")
2026-02-04 11:10:28,972 | ERROR | yfinance | 
1 Failed download:
2026-02-04 11:10:28,973 | ERROR | yfinance | ['QQQ']: TypeError("'NoneType' object is not subscriptable")
2026-02-04 11:10:28,988 | ERROR | yfinance | 
1 Failed download:
2026-02-04 11:10:28,988 | ERROR | yfinance | ['QQQ']: TypeError("'NoneType' object is not subscriptable")
2026-02-04 11:10:29,474 | ERROR | yfinance | 
1 Failed download:
2026-02-04 11:10:29,474 | ERROR | yfinance | ['QQQ']: TypeError("'NoneType' object is not subscriptable")
2026-02-04 11:10:29,490 | ERROR | yfinance | 
1 Failed download:
2026-02-04 11:10:29,490 | ERROR | yfinance | ['QQQ']: TypeError("'NoneType' object is not subscriptable")
2026-02-04 11:10:30,507 | ERROR | yfinance | 
1 Failed download:
2026-02-04 11:10:30,507 | ERROR | yfinance | ['QQQ']: TypeError("'NoneType' object is not subscriptable")
2026-02-04 11:10:30,527 | ERROR | yfinance | 
1 Failed download:
2026-02-04 11:10:30,527 | ERROR | yfinance | ['QQQ']: TypeError("'NoneType' object is not subscriptable")
2026-02-04 11:10:32,544 | ERROR | yfinance | 
1 Failed download:
2026-02-04 11:10:32,544 | ERROR | yfinance | ['QQQ']: TypeError("'NoneType' object is not subscriptable")
2026-02-04 11:10:32,560 | ERROR | yfinance | 
1 Failed download:
2026-02-04 11:10:32,560 | ERROR | yfinance | ['QQQ']: TypeError("'NoneType' object is not subscriptable")
2026-02-04 11:10:33,044 | ERROR | yfinance | 
1 Failed download:
2026-02-04 11:10:33,044 | ERROR | yfinance | ['QQQ']: TypeError("'NoneType' object is not subscriptable")
2026-02-04 11:10:33,060 | ERROR | yfinance | 
1 Failed download:
2026-02-04 11:10:33,060 | ERROR | yfinance | ['QQQ']: TypeError("'NoneType' object is not subscriptable")
2026-02-04 11:10:34,078 | ERROR | yfinance | 
1 Failed download:
2026-02-04 11:10:34,078 | ERROR | yfinance | ['QQQ']: TypeError("'NoneType' object is not subscriptable")
2026-02-04 11:10:34,095 | ERROR | yfinance | 
1 Failed download:
2026-02-04 11:10:34,095 | ERROR | yfinance | ['QQQ']: TypeError("'NoneType' object is not subscriptable")
2026-02-04 11:10:36,112 | ERROR | yfinance | 
1 Failed download:
2026-02-04 11:10:36,113 | ERROR | yfinance | ['QQQ']: TypeError("'NoneType' object is not subscriptable")
2026-02-04 11:10:36,131 | ERROR | yfinance | 
1 Failed download:
2026-02-04 11:10:36,131 | ERROR | yfinance | ['QQQ']: TypeError("'NoneType' object is not subscriptable")
2026-02-04 11:10:36,613 | ERROR | yfinance | 
1 Failed download:
2026-02-04 11:10:36,613 | ERROR | yfinance | ['QQQ']: TypeError("'NoneType' object is not subscriptable")
2026-02-04 11:10:36,631 | ERROR | yfinance | 
1 Failed download:
2026-02-04 11:10:36,631 | ERROR | yfinance | ['QQQ']: TypeError("'NoneType' object is not subscriptable")
2026-02-04 11:10:37,648 | ERROR | yfinance | 
1 Failed download:
2026-02-04 11:10:37,648 | ERROR | yfinance | ['QQQ']: TypeError("'NoneType' object is not subscriptable")
2026-02-04 11:10:37,667 | ERROR | yfinance | 
1 Failed download:
2026-02-04 11:10:37,667 | ERROR | yfinance | ['QQQ']: TypeError("'NoneType' object is not subscriptable")
2026-02-04 11:10:39,684 | ERROR | yfinance | 
1 Failed download:
2026-02-04 11:10:39,684 | ERROR | yfinance | ['QQQ']: TypeError("'NoneType' object is not subscriptable")
2026-02-04 11:10:39,692 | ERROR | yfinance | 
1 Failed download:
2026-02-04 11:10:39,693 | ERROR | yfinance | ['QQQ']: TypeError("'NoneType' object is not subscriptable")
2026-02-04 11:10:40,184 | ERROR | yfinance | 
1 Failed download:
2026-02-04 11:10:40,184 | ERROR | yfinance | ['QQQ']: TypeError("'NoneType' object is not subscriptable")
2026-02-04 11:10:40,199 | ERROR | yfinance | 
1 Failed download:
2026-02-04 11:10:40,200 | ERROR | yfinance | ['QQQ']: TypeError("'NoneType' object is not subscriptable")
2026-02-04 11:10:41,217 | ERROR | yfinance | 
1 Failed download:
2026-02-04 11:10:41,217 | ERROR | yfinance | ['QQQ']: TypeError("'NoneType' object is not subscriptable")
2026-02-04 11:10:41,233 | ERROR | yfinance | 
1 Failed download:
2026-02-04 11:10:41,233 | ERROR | yfinance | ['QQQ']: TypeError("'NoneType' object is not subscriptable")
2026-02-04 11:10:43,251 | ERROR | yfinance | 
1 Failed download:
2026-02-04 11:10:43,251 | ERROR | yfinance | ['QQQ']: TypeError("'NoneType' object is not subscriptable")
2026-02-04 11:10:43,267 | ERROR | yfinance | 
1 Failed download:
2026-02-04 11:10:43,267 | ERROR | yfinance | ['QQQ']: TypeError("'NoneType' object is not subscriptable")
2026-02-04 11:10:43,751 | ERROR | yfinance | 
1 Failed download:
2026-02-04 11:10:43,752 | ERROR | yfinance | ['QQQ']: TypeError("'NoneType' object is not subscriptable")
2026-02-04 11:10:43,768 | ERROR | yfinance | 
1 Failed download:
2026-02-04 11:10:43,768 | ERROR | yfinance | ['QQQ']: TypeError("'NoneType' object is not subscriptable")
2026-02-04 11:10:44,787 | ERROR | yfinance | 
1 Failed download:
2026-02-04 11:10:44,787 | ERROR | yfinance | ['QQQ']: TypeError("'NoneType' object is not subscriptable")
2026-02-04 11:10:44,803 | ERROR | yfinance | 
1 Failed download:
2026-02-04 11:10:44,804 | ERROR | yfinance | ['QQQ']: TypeError("'NoneType' object is not subscriptable")
2026-02-04 11:10:46,821 | ERROR | yfinance | 
1 Failed download:
2026-02-04 11:10:46,822 | ERROR | yfinance | ['QQQ']: TypeError("'NoneType' object is not subscriptable")
2026-02-04 11:10:46,839 | ERROR | yfinance | 
1 Failed download:
2026-02-04 11:10:46,839 | ERROR | yfinance | ['QQQ']: TypeError("'NoneType' object is not subscriptable")
2026-02-04 11:10:47,324 | ERROR | yfinance | 
1 Failed download:
2026-02-04 11:10:47,324 | ERROR | yfinance | ['QQQ']: TypeError("'NoneType' object is not subscriptable")
2026-02-04 11:10:47,339 | ERROR | yfinance | 
1 Failed download:
2026-02-04 11:10:47,339 | ERROR | yfinance | ['QQQ']: TypeError("'NoneType' object is not subscriptable")
2026-02-04 11:10:48,356 | ERROR | yfinance | 
1 Failed download:
2026-02-04 11:10:48,356 | ERROR | yfinance | ['QQQ']: TypeError("'NoneType' object is not subscriptable")
2026-02-04 11:10:48,372 | ERROR | yfinance | 
1 Failed download:
2026-02-04 11:10:48,373 | ERROR | yfinance | ['QQQ']: TypeError("'NoneType' object is not subscriptable")
2026-02-04 11:10:50,392 | ERROR | yfinance | 
1 Failed download:
2026-02-04 11:10:50,392 | ERROR | yfinance | ['QQQ']: TypeError("'NoneType' object is not subscriptable")
2026-02-04 11:10:50,408 | ERROR | yfinance | 
1 Failed download:
2026-02-04 11:10:50,408 | ERROR | yfinance | ['QQQ']: TypeError("'NoneType' object is not subscriptable")
2026-02-04 11:10:50,890 | ERROR | yfinance | 
1 Failed download:
2026-02-04 11:10:50,890 | ERROR | yfinance | ['QQQ']: TypeError("'NoneType' object is not subscriptable")
2026-02-04 11:10:50,906 | ERROR | yfinance | 
1 Failed download:
2026-02-04 11:10:50,906 | ERROR | yfinance | ['QQQ']: TypeError("'NoneType' object is not subscriptable")
2026-02-04 11:10:51,924 | ERROR | yfinance | 
1 Failed download:
2026-02-04 11:10:51,924 | ERROR | yfinance | ['QQQ']: TypeError("'NoneType' object is not subscriptable")
2026-02-04 11:10:51,940 | ERROR | yfinance | 
1 Failed download:
2026-02-04 11:10:51,940 | ERROR | yfinance | ['QQQ']: TypeError("'NoneType' object is not subscriptable")
2026-02-04 11:10:53,956 | ERROR | yfinance | 
1 Failed download:
2026-02-04 11:10:53,956 | ERROR | yfinance | ['QQQ']: TypeError("'NoneType' object is not subscriptable")
2026-02-04 11:10:53,972 | ERROR | yfinance | 
1 Failed download:
2026-02-04 11:10:53,972 | ERROR | yfinance | ['QQQ']: TypeError("'NoneType' object is not subscriptable")
2026-02-04 11:10:54,456 | ERROR | yfinance | 
1 Failed download:
2026-02-04 11:10:54,457 | ERROR | yfinance | ['QQQ']: TypeError("'NoneType' object is not subscriptable")
2026-02-04 11:10:54,472 | ERROR | yfinance | 
1 Failed download:
2026-02-04 11:10:54,472 | ERROR | yfinance | ['QQQ']: TypeError("'NoneType' object is not subscriptable")
2026-02-04 11:10:55,490 | ERROR | yfinance | 
1 Failed download:
2026-02-04 11:10:55,490 | ERROR | yfinance | ['QQQ']: TypeError("'NoneType' object is not subscriptable")
2026-02-04 11:10:55,506 | ERROR | yfinance | 
1 Failed download:
2026-02-04 11:10:55,506 | ERROR | yfinance | ['QQQ']: TypeError("'NoneType' object is not subscriptable")
2026-02-04 11:10:57,523 | ERROR | yfinance | 
1 Failed download:
2026-02-04 11:10:57,523 | ERROR | yfinance | ['QQQ']: TypeError("'NoneType' object is not subscriptable")
2026-02-04 11:10:57,541 | ERROR | yfinance | 
1 Failed download:
2026-02-04 11:10:57,541 | ERROR | yfinance | ['QQQ']: TypeError("'NoneType' object is not subscriptable")
2026-02-04 11:10:58,023 | ERROR | yfinance | 
1 Failed download:
2026-02-04 11:10:58,023 | ERROR | yfinance | ['QQQ']: TypeError("'NoneType' object is not subscriptable")
2026-02-04 11:10:58,039 | ERROR | yfinance | 
1 Failed download:
2026-02-04 11:10:58,039 | ERROR | yfinance | ['QQQ']: TypeError("'NoneType' object is not subscriptable")
2026-02-04 11:10:59,057 | ERROR | yfinance | 
1 Failed download:
2026-02-04 11:10:59,057 | ERROR | yfinance | ['QQQ']: TypeError("'NoneType' object is not subscriptable")
2026-02-04 11:10:59,073 | ERROR | yfinance | 
1 Failed download:
2026-02-04 11:10:59,074 | ERROR | yfinance | ['QQQ']: TypeError("'NoneType' object is not subscriptable")
2026-02-04 11:11:01,092 | ERROR | yfinance | 
1 Failed download:
2026-02-04 11:11:01,092 | ERROR | yfinance | ['QQQ']: TypeError("'NoneType' object is not subscriptable")
2026-02-04 11:11:01,108 | ERROR | yfinance | 
1 Failed download:
2026-02-04 11:11:01,108 | ERROR | yfinance | ['QQQ']: TypeError("'NoneType' object is not subscriptable")
2026-02-04 11:11:01,592 | ERROR | yfinance | 
1 Failed download:
2026-02-04 11:11:01,592 | ERROR | yfinance | ['QQQ']: TypeError("'NoneType' object is not subscriptable")
2026-02-04 11:11:01,610 | ERROR | yfinance | 
1 Failed download:
2026-02-04 11:11:01,610 | ERROR | yfinance | ['QQQ']: TypeError("'NoneType' object is not subscriptable")
2026-02-04 11:11:02,626 | ERROR | yfinance | 
1 Failed download:
2026-02-04 11:11:02,627 | ERROR | yfinance | ['QQQ']: TypeError("'NoneType' object is not subscriptable")
2026-02-04 11:11:02,643 | ERROR | yfinance | 
1 Failed download:
2026-02-04 11:11:02,643 | ERROR | yfinance | ['QQQ']: TypeError("'NoneType' object is not subscriptable")
2026-02-04 11:11:04,660 | ERROR | yfinance | 
1 Failed download:
2026-02-04 11:11:04,661 | ERROR | yfinance | ['QQQ']: TypeError("'NoneType' object is not subscriptable")
2026-02-04 11:11:04,676 | ERROR | yfinance | 
1 Failed download:
2026-02-04 11:11:04,676 | ERROR | yfinance | ['QQQ']: TypeError("'NoneType' object is not subscriptable")
2026-02-04 11:11:05,161 | ERROR | yfinance | 
1 Failed download:
2026-02-04 11:11:05,161 | ERROR | yfinance | ['QQQ']: TypeError("'NoneType' object is not subscriptable")
2026-02-04 11:11:05,178 | ERROR | yfinance | 
1 Failed download:
2026-02-04 11:11:05,178 | ERROR | yfinance | ['QQQ']: TypeError("'NoneType' object is not subscriptable")
2026-02-04 11:11:06,196 | ERROR | yfinance | 
1 Failed download:
2026-02-04 11:11:06,196 | ERROR | yfinance | ['QQQ']: TypeError("'NoneType' object is not subscriptable")
2026-02-04 11:11:06,214 | ERROR | yfinance | 
1 Failed download:
2026-02-04 11:11:06,214 | ERROR | yfinance | ['QQQ']: TypeError("'NoneType' object is not subscriptable")
2026-02-04 11:11:08,231 | ERROR | yfinance | 
1 Failed download:
2026-02-04 11:11:08,231 | ERROR | yfinance | ['QQQ']: TypeError("'NoneType' object is not subscriptable")
2026-02-04 11:11:08,247 | ERROR | yfinance | 
1 Failed download:
2026-02-04 11:11:08,247 | ERROR | yfinance | ['QQQ']: TypeError("'NoneType' object is not subscriptable")
2026-02-04 11:11:08,731 | ERROR | yfinance | 
1 Failed download:
2026-02-04 11:11:08,732 | ERROR | yfinance | ['QQQ']: TypeError("'NoneType' object is not subscriptable")
2026-02-04 11:11:08,748 | ERROR | yfinance | 
1 Failed download:
2026-02-04 11:11:08,748 | ERROR | yfinance | ['QQQ']: TypeError("'NoneType' object is not subscriptable")
2026-02-04 11:11:09,765 | ERROR | yfinance | 
1 Failed download:
2026-02-04 11:11:09,766 | ERROR | yfinance | ['QQQ']: TypeError("'NoneType' object is not subscriptable")
2026-02-04 11:11:09,784 | ERROR | yfinance | 
1 Failed download:
2026-02-04 11:11:09,784 | ERROR | yfinance | ['QQQ']: TypeError("'NoneType' object is not subscriptable")
2026-02-04 11:11:11,801 | ERROR | yfinance | 
1 Failed download:
2026-02-04 11:11:11,801 | ERROR | yfinance | ['QQQ']: TypeError("'NoneType' object is not subscriptable")
2026-02-04 11:11:11,818 | ERROR | yfinance | 
1 Failed download:
2026-02-04 11:11:11,818 | ERROR | yfinance | ['QQQ']: TypeError("'NoneType' object is not subscriptable")
2026-02-04 11:11:12,301 | ERROR | yfinance | 
1 Failed download:
2026-02-04 11:11:12,301 | ERROR | yfinance | ['QQQ']: TypeError("'NoneType' object is not subscriptable")
2026-02-04 11:11:12,316 | ERROR | yfinance | 
1 Failed download:
2026-02-04 11:11:12,317 | ERROR | yfinance | ['QQQ']: TypeError("'NoneType' object is not subscriptable")
2026-02-04 11:11:13,333 | ERROR | yfinance | 
1 Failed download:
2026-02-04 11:11:13,334 | ERROR | yfinance | ['QQQ']: TypeError("'NoneType' object is not subscriptable")
2026-02-04 11:11:13,349 | ERROR | yfinance | 
1 Failed download:
2026-02-04 11:11:13,350 | ERROR | yfinance | ['QQQ']: TypeError("'NoneType' object is not subscriptable")
2026-02-04 11:11:15,367 | ERROR | yfinance | 
1 Failed download:
2026-02-04 11:11:15,367 | ERROR | yfinance | ['QQQ']: TypeError("'NoneType' object is not subscriptable")
2026-02-04 11:11:15,384 | ERROR | yfinance | 
1 Failed download:
2026-02-04 11:11:15,384 | ERROR | yfinance | ['QQQ']: TypeError("'NoneType' object is not subscriptable")
2026-02-04 11:11:15,868 | ERROR | yfinance | 
1 Failed download:
2026-02-04 11:11:15,868 | ERROR | yfinance | ['QQQ']: TypeError("'NoneType' object is not subscriptable")
2026-02-04 11:11:15,885 | ERROR | yfinance | 
1 Failed download:
2026-02-04 11:11:15,885 | ERROR | yfinance | ['QQQ']: TypeError("'NoneType' object is not subscriptable")
2026-02-04 11:11:16,902 | ERROR | yfinance | 
1 Failed download:
2026-02-04 11:11:16,902 | ERROR | yfinance | ['QQQ']: TypeError("'NoneType' object is not subscriptable")
2026-02-04 11:11:16,919 | ERROR | yfinance | 
1 Failed download:
2026-02-04 11:11:16,919 | ERROR | yfinance | ['QQQ']: TypeError("'NoneType' object is not subscriptable")
2026-02-04 11:11:18,936 | ERROR | yfinance | 
1 Failed download:
2026-02-04 11:11:18,936 | ERROR | yfinance | ['QQQ']: TypeError("'NoneType' object is not subscriptable")
2026-02-04 11:11:18,952 | ERROR | yfinance | 
1 Failed download:
2026-02-04 11:11:18,952 | ERROR | yfinance | ['QQQ']: TypeError("'NoneType' object is not subscriptable")
2026-02-04 11:11:19,437 | ERROR | yfinance | 
1 Failed download:
2026-02-04 11:11:19,437 | ERROR | yfinance | ['QQQ']: TypeError("'NoneType' object is not subscriptable")
2026-02-04 11:11:19,452 | ERROR | yfinance | 
1 Failed download:
2026-02-04 11:11:19,453 | ERROR | yfinance | ['QQQ']: TypeError("'NoneType' object is not subscriptable")
2026-02-04 11:11:20,471 | ERROR | yfinance | 
1 Failed download:
2026-02-04 11:11:20,471 | ERROR | yfinance | ['QQQ']: TypeError("'NoneType' object is not subscriptable")
2026-02-04 11:11:20,489 | ERROR | yfinance | 
1 Failed download:
2026-02-04 11:11:20,489 | ERROR | yfinance | ['QQQ']: TypeError("'NoneType' object is not subscriptable")
2026-02-04 11:11:22,506 | ERROR | yfinance | 
1 Failed download:
2026-02-04 11:11:22,506 | ERROR | yfinance | ['QQQ']: TypeError("'NoneType' object is not subscriptable")
2026-02-04 11:11:22,522 | ERROR | yfinance | 
1 Failed download:
2026-02-04 11:11:22,523 | ERROR | yfinance | ['QQQ']: TypeError("'NoneType' object is not subscriptable")
Traceback (most recent call last):
  File "<frozen runpy>", line 198, in _run_module_as_main
  File "<frozen runpy>", line 88, in _run_code
  File "/home/regulus/Trade/quantum_alpha/train_intraday_lstm.py", line 287, in <module>
    main()
    ~~~~^^
  File "/home/regulus/Trade/quantum_alpha/train_intraday_lstm.py", line 270, in main
    train_intraday(
    ~~~~~~~~~~~~~~^
        symbol=args.symbol,
        ^^^^^^^^^^^^^^^^^^^
    ...<10 lines>...
        resume_latest=args.resume_latest,
        ^^^^^^^^^^^^^^^^^^^^^^^^^^^^^^^^^
    )
    ^
  File "/home/regulus/Trade/quantum_alpha/train_intraday_lstm.py", line 194, in train_intraday
    raise ValueError("No intraday data returned. Check interval and lookback.")
ValueError: No intraday data returned. Check interval and lookback.
Intraday training window: 2025-12-06 11:07:52.205543 to 2026-02-04 11:07:52.205543 (5m)
