2026-02-04 06:41:35.204920: I tensorflow/core/platform/cpu_feature_guard.cc:210] This TensorFlow binary is optimized to use available CPU instructions in performance-critical operations.
To enable the following instructions: AVX2 FMA, in other operations, rebuild TensorFlow with the appropriate compiler flags.
2026-02-04 06:41:45,268 | ERROR | yfinance | 
1 Failed download:
2026-02-04 06:41:45,269 | ERROR | yfinance | ['SPY']: TypeError("'NoneType' object is not subscriptable")
2026-02-04 06:41:45,313 | ERROR | yfinance | 
1 Failed download:
2026-02-04 06:41:45,314 | ERROR | yfinance | ['SPY']: TypeError("'NoneType' object is not subscriptable")
2026-02-04 06:41:46,334 | ERROR | yfinance | 
1 Failed download:
2026-02-04 06:41:46,334 | ERROR | yfinance | ['SPY']: TypeError("'NoneType' object is not subscriptable")
2026-02-04 06:41:46,362 | ERROR | yfinance | 
1 Failed download:
2026-02-04 06:41:46,363 | ERROR | yfinance | ['SPY']: TypeError("'NoneType' object is not subscriptable")
2026-02-04 06:41:48,387 | ERROR | yfinance | 
1 Failed download:
2026-02-04 06:41:48,387 | ERROR | yfinance | ['SPY']: TypeError("'NoneType' object is not subscriptable")
2026-02-04 06:41:48,433 | ERROR | yfinance | 
1 Failed download:
2026-02-04 06:41:48,436 | ERROR | yfinance | ['SPY']: TypeError("'NoneType' object is not subscriptable")
2026-02-04 06:41:48,892 | ERROR | yfinance | 
1 Failed download:
2026-02-04 06:41:48,894 | ERROR | yfinance | ['SPY']: TypeError("'NoneType' object is not subscriptable")
2026-02-04 06:41:48,925 | ERROR | yfinance | 
1 Failed download:
2026-02-04 06:41:48,929 | ERROR | yfinance | ['SPY']: TypeError("'NoneType' object is not subscriptable")
2026-02-04 06:41:49,974 | ERROR | yfinance | 
1 Failed download:
2026-02-04 06:41:49,975 | ERROR | yfinance | ['SPY']: TypeError("'NoneType' object is not subscriptable")
2026-02-04 06:41:50,008 | ERROR | yfinance | 
1 Failed download:
2026-02-04 06:41:50,008 | ERROR | yfinance | ['SPY']: TypeError("'NoneType' object is not subscriptable")
2026-02-04 06:41:52,049 | ERROR | yfinance | 
1 Failed download:
2026-02-04 06:41:52,056 | ERROR | yfinance | ['SPY']: TypeError("'NoneType' object is not subscriptable")
2026-02-04 06:41:52,087 | ERROR | yfinance | 
1 Failed download:
2026-02-04 06:41:52,087 | ERROR | yfinance | ['SPY']: TypeError("'NoneType' object is not subscriptable")
2026-02-04 06:41:52,547 | ERROR | yfinance | 
1 Failed download:
2026-02-04 06:41:52,547 | ERROR | yfinance | ['SPY']: TypeError("'NoneType' object is not subscriptable")
2026-02-04 06:41:52,576 | ERROR | yfinance | 
1 Failed download:
2026-02-04 06:41:52,577 | ERROR | yfinance | ['SPY']: TypeError("'NoneType' object is not subscriptable")
2026-02-04 06:41:53,603 | ERROR | yfinance | 
1 Failed download:
2026-02-04 06:41:53,604 | ERROR | yfinance | ['SPY']: TypeError("'NoneType' object is not subscriptable")
2026-02-04 06:41:53,637 | ERROR | yfinance | 
1 Failed download:
2026-02-04 06:41:53,637 | ERROR | yfinance | ['SPY']: TypeError("'NoneType' object is not subscriptable")
2026-02-04 06:41:55,663 | ERROR | yfinance | 
1 Failed download:
2026-02-04 06:41:55,663 | ERROR | yfinance | ['SPY']: TypeError("'NoneType' object is not subscriptable")
2026-02-04 06:41:55,676 | ERROR | yfinance | 
1 Failed download:
2026-02-04 06:41:55,676 | ERROR | yfinance | ['SPY']: TypeError("'NoneType' object is not subscriptable")
2026-02-04 06:41:56,170 | ERROR | yfinance | 
1 Failed download:
2026-02-04 06:41:56,171 | ERROR | yfinance | ['SPY']: TypeError("'NoneType' object is not subscriptable")
2026-02-04 06:41:56,197 | ERROR | yfinance | 
1 Failed download:
2026-02-04 06:41:56,198 | ERROR | yfinance | ['SPY']: TypeError("'NoneType' object is not subscriptable")
2026-02-04 06:41:57,232 | ERROR | yfinance | 
1 Failed download:
2026-02-04 06:41:57,233 | ERROR | yfinance | ['SPY']: TypeError("'NoneType' object is not subscriptable")
2026-02-04 06:41:57,248 | ERROR | yfinance | 
1 Failed download:
2026-02-04 06:41:57,248 | ERROR | yfinance | ['SPY']: TypeError("'NoneType' object is not subscriptable")
2026-02-04 06:41:59,265 | ERROR | yfinance | 
1 Failed download:
2026-02-04 06:41:59,266 | ERROR | yfinance | ['SPY']: TypeError("'NoneType' object is not subscriptable")
2026-02-04 06:41:59,294 | ERROR | yfinance | 
1 Failed download:
2026-02-04 06:41:59,294 | ERROR | yfinance | ['SPY']: TypeError("'NoneType' object is not subscriptable")
2026-02-04 06:41:59,768 | ERROR | yfinance | 
1 Failed download:
2026-02-04 06:41:59,769 | ERROR | yfinance | ['SPY']: TypeError("'NoneType' object is not subscriptable")
2026-02-04 06:41:59,798 | ERROR | yfinance | 
1 Failed download:
2026-02-04 06:41:59,798 | ERROR | yfinance | ['SPY']: TypeError("'NoneType' object is not subscriptable")
2026-02-04 06:42:00,826 | ERROR | yfinance | 
1 Failed download:
2026-02-04 06:42:00,831 | ERROR | yfinance | ['SPY']: TypeError("'NoneType' object is not subscriptable")
2026-02-04 06:42:00,867 | ERROR | yfinance | 
1 Failed download:
2026-02-04 06:42:00,871 | ERROR | yfinance | ['SPY']: TypeError("'NoneType' object is not subscriptable")
2026-02-04 06:42:02,885 | ERROR | yfinance | 
1 Failed download:
2026-02-04 06:42:02,886 | ERROR | yfinance | ['SPY']: TypeError("'NoneType' object is not subscriptable")
2026-02-04 06:42:02,916 | ERROR | yfinance | 
1 Failed download:
2026-02-04 06:42:02,917 | ERROR | yfinance | ['SPY']: TypeError("'NoneType' object is not subscriptable")
2026-02-04 06:42:03,398 | ERROR | yfinance | 
1 Failed download:
2026-02-04 06:42:03,399 | ERROR | yfinance | ['SPY']: TypeError("'NoneType' object is not subscriptable")
2026-02-04 06:42:03,428 | ERROR | yfinance | 
1 Failed download:
2026-02-04 06:42:03,429 | ERROR | yfinance | ['SPY']: TypeError("'NoneType' object is not subscriptable")
2026-02-04 06:42:04,454 | ERROR | yfinance | 
1 Failed download:
2026-02-04 06:42:04,455 | ERROR | yfinance | ['SPY']: TypeError("'NoneType' object is not subscriptable")
2026-02-04 06:42:04,488 | ERROR | yfinance | 
1 Failed download:
2026-02-04 06:42:04,489 | ERROR | yfinance | ['SPY']: TypeError("'NoneType' object is not subscriptable")
2026-02-04 06:42:06,515 | ERROR | yfinance | 
1 Failed download:
2026-02-04 06:42:06,516 | ERROR | yfinance | ['SPY']: TypeError("'NoneType' object is not subscriptable")
2026-02-04 06:42:06,543 | ERROR | yfinance | 
1 Failed download:
2026-02-04 06:42:06,545 | ERROR | yfinance | ['SPY']: TypeError("'NoneType' object is not subscriptable")
2026-02-04 06:42:07,015 | ERROR | yfinance | 
1 Failed download:
2026-02-04 06:42:07,015 | ERROR | yfinance | ['SPY']: TypeError("'NoneType' object is not subscriptable")
2026-02-04 06:42:07,028 | ERROR | yfinance | 
1 Failed download:
2026-02-04 06:42:07,029 | ERROR | yfinance | ['SPY']: TypeError("'NoneType' object is not subscriptable")
2026-02-04 06:42:08,042 | ERROR | yfinance | 
1 Failed download:
2026-02-04 06:42:08,042 | ERROR | yfinance | ['SPY']: TypeError("'NoneType' object is not subscriptable")
2026-02-04 06:42:08,056 | ERROR | yfinance | 
1 Failed download:
2026-02-04 06:42:08,056 | ERROR | yfinance | ['SPY']: TypeError("'NoneType' object is not subscriptable")
2026-02-04 06:42:10,085 | ERROR | yfinance | 
1 Failed download:
2026-02-04 06:42:10,085 | ERROR | yfinance | ['SPY']: TypeError("'NoneType' object is not subscriptable")
2026-02-04 06:42:10,115 | ERROR | yfinance | 
1 Failed download:
2026-02-04 06:42:10,115 | ERROR | yfinance | ['SPY']: TypeError("'NoneType' object is not subscriptable")
2026-02-04 06:42:10,573 | ERROR | yfinance | 
1 Failed download:
2026-02-04 06:42:10,573 | ERROR | yfinance | ['SPY']: TypeError("'NoneType' object is not subscriptable")
2026-02-04 06:42:10,586 | ERROR | yfinance | 
1 Failed download:
2026-02-04 06:42:10,586 | ERROR | yfinance | ['SPY']: TypeError("'NoneType' object is not subscriptable")
2026-02-04 06:42:11,601 | ERROR | yfinance | 
1 Failed download:
2026-02-04 06:42:11,601 | ERROR | yfinance | ['SPY']: TypeError("'NoneType' object is not subscriptable")
2026-02-04 06:42:11,614 | ERROR | yfinance | 
1 Failed download:
2026-02-04 06:42:11,614 | ERROR | yfinance | ['SPY']: TypeError("'NoneType' object is not subscriptable")
2026-02-04 06:42:13,645 | ERROR | yfinance | 
1 Failed download:
2026-02-04 06:42:13,647 | ERROR | yfinance | ['SPY']: TypeError("'NoneType' object is not subscriptable")
2026-02-04 06:42:13,663 | ERROR | yfinance | 
1 Failed download:
2026-02-04 06:42:13,663 | ERROR | yfinance | ['SPY']: TypeError("'NoneType' object is not subscriptable")
2026-02-04 06:42:14,130 | ERROR | yfinance | 
1 Failed download:
2026-02-04 06:42:14,130 | ERROR | yfinance | ['SPY']: TypeError("'NoneType' object is not subscriptable")
2026-02-04 06:42:14,145 | ERROR | yfinance | 
1 Failed download:
2026-02-04 06:42:14,145 | ERROR | yfinance | ['SPY']: TypeError("'NoneType' object is not subscriptable")
2026-02-04 06:42:15,174 | ERROR | yfinance | 
1 Failed download:
2026-02-04 06:42:15,175 | ERROR | yfinance | ['SPY']: TypeError("'NoneType' object is not subscriptable")
2026-02-04 06:42:15,206 | ERROR | yfinance | 
1 Failed download:
2026-02-04 06:42:15,206 | ERROR | yfinance | ['SPY']: TypeError("'NoneType' object is not subscriptable")
2026-02-04 06:42:17,244 | ERROR | yfinance | 
1 Failed download:
2026-02-04 06:42:17,246 | ERROR | yfinance | ['SPY']: TypeError("'NoneType' object is not subscriptable")
2026-02-04 06:42:17,275 | ERROR | yfinance | 
1 Failed download:
2026-02-04 06:42:17,277 | ERROR | yfinance | ['SPY']: TypeError("'NoneType' object is not subscriptable")
2026-02-04 06:42:17,736 | ERROR | yfinance | 
1 Failed download:
2026-02-04 06:42:17,737 | ERROR | yfinance | ['SPY']: TypeError("'NoneType' object is not subscriptable")
2026-02-04 06:42:17,770 | ERROR | yfinance | 
1 Failed download:
2026-02-04 06:42:17,771 | ERROR | yfinance | ['SPY']: TypeError("'NoneType' object is not subscriptable")
2026-02-04 06:42:18,813 | ERROR | yfinance | 
1 Failed download:
2026-02-04 06:42:18,821 | ERROR | yfinance | ['SPY']: TypeError("'NoneType' object is not subscriptable")
2026-02-04 06:42:18,862 | ERROR | yfinance | 
1 Failed download:
2026-02-04 06:42:18,863 | ERROR | yfinance | ['SPY']: TypeError("'NoneType' object is not subscriptable")
2026-02-04 06:42:20,905 | ERROR | yfinance | 
1 Failed download:
2026-02-04 06:42:20,906 | ERROR | yfinance | ['SPY']: TypeError("'NoneType' object is not subscriptable")
2026-02-04 06:42:20,919 | ERROR | yfinance | 
1 Failed download:
2026-02-04 06:42:20,919 | ERROR | yfinance | ['SPY']: TypeError("'NoneType' object is not subscriptable")
2026-02-04 06:42:21,405 | ERROR | yfinance | 
1 Failed download:
2026-02-04 06:42:21,405 | ERROR | yfinance | ['SPY']: TypeError("'NoneType' object is not subscriptable")
2026-02-04 06:42:21,419 | ERROR | yfinance | 
1 Failed download:
2026-02-04 06:42:21,419 | ERROR | yfinance | ['SPY']: TypeError("'NoneType' object is not subscriptable")
2026-02-04 06:42:22,439 | ERROR | yfinance | 
1 Failed download:
2026-02-04 06:42:22,439 | ERROR | yfinance | ['SPY']: TypeError("'NoneType' object is not subscriptable")
2026-02-04 06:42:22,453 | ERROR | yfinance | 
1 Failed download:
2026-02-04 06:42:22,453 | ERROR | yfinance | ['SPY']: TypeError("'NoneType' object is not subscriptable")
2026-02-04 06:42:24,473 | ERROR | yfinance | 
1 Failed download:
2026-02-04 06:42:24,473 | ERROR | yfinance | ['SPY']: TypeError("'NoneType' object is not subscriptable")
2026-02-04 06:42:24,506 | ERROR | yfinance | 
1 Failed download:
2026-02-04 06:42:24,507 | ERROR | yfinance | ['SPY']: TypeError("'NoneType' object is not subscriptable")
2026-02-04 06:42:24,975 | ERROR | yfinance | 
1 Failed download:
2026-02-04 06:42:24,975 | ERROR | yfinance | ['SPY']: TypeError("'NoneType' object is not subscriptable")
2026-02-04 06:42:24,988 | ERROR | yfinance | 
1 Failed download:
2026-02-04 06:42:24,988 | ERROR | yfinance | ['SPY']: TypeError("'NoneType' object is not subscriptable")
2026-02-04 06:42:26,011 | ERROR | yfinance | 
1 Failed download:
2026-02-04 06:42:26,012 | ERROR | yfinance | ['SPY']: TypeError("'NoneType' object is not subscriptable")
2026-02-04 06:42:26,050 | ERROR | yfinance | 
1 Failed download:
2026-02-04 06:42:26,050 | ERROR | yfinance | ['SPY']: TypeError("'NoneType' object is not subscriptable")
2026-02-04 06:42:28,107 | ERROR | yfinance | 
1 Failed download:
2026-02-04 06:42:28,111 | ERROR | yfinance | ['SPY']: TypeError("'NoneType' object is not subscriptable")
2026-02-04 06:42:28,147 | ERROR | yfinance | 
1 Failed download:
2026-02-04 06:42:28,155 | ERROR | yfinance | ['SPY']: TypeError("'NoneType' object is not subscriptable")
2026-02-04 06:42:28,579 | ERROR | yfinance | 
1 Failed download:
2026-02-04 06:42:28,579 | ERROR | yfinance | ['SPY']: TypeError("'NoneType' object is not subscriptable")
2026-02-04 06:42:28,592 | ERROR | yfinance | 
1 Failed download:
2026-02-04 06:42:28,592 | ERROR | yfinance | ['SPY']: TypeError("'NoneType' object is not subscriptable")
2026-02-04 06:42:29,617 | ERROR | yfinance | 
1 Failed download:
2026-02-04 06:42:29,618 | ERROR | yfinance | ['SPY']: TypeError("'NoneType' object is not subscriptable")
2026-02-04 06:42:29,650 | ERROR | yfinance | 
1 Failed download:
2026-02-04 06:42:29,650 | ERROR | yfinance | ['SPY']: TypeError("'NoneType' object is not subscriptable")
2026-02-04 06:42:31,689 | ERROR | yfinance | 
1 Failed download:
2026-02-04 06:42:31,690 | ERROR | yfinance | ['SPY']: TypeError("'NoneType' object is not subscriptable")
2026-02-04 06:42:31,723 | ERROR | yfinance | 
1 Failed download:
2026-02-04 06:42:31,723 | ERROR | yfinance | ['SPY']: TypeError("'NoneType' object is not subscriptable")
2026-02-04 06:42:32,186 | ERROR | yfinance | 
1 Failed download:
2026-02-04 06:42:32,187 | ERROR | yfinance | ['SPY']: TypeError("'NoneType' object is not subscriptable")
2026-02-04 06:42:32,217 | ERROR | yfinance | 
1 Failed download:
2026-02-04 06:42:32,218 | ERROR | yfinance | ['SPY']: TypeError("'NoneType' object is not subscriptable")
2026-02-04 06:42:33,245 | ERROR | yfinance | 
1 Failed download:
2026-02-04 06:42:33,245 | ERROR | yfinance | ['SPY']: TypeError("'NoneType' object is not subscriptable")
2026-02-04 06:42:33,258 | ERROR | yfinance | 
1 Failed download:
2026-02-04 06:42:33,258 | ERROR | yfinance | ['SPY']: TypeError("'NoneType' object is not subscriptable")
2026-02-04 06:42:35,273 | ERROR | yfinance | 
1 Failed download:
2026-02-04 06:42:35,273 | ERROR | yfinance | ['SPY']: TypeError("'NoneType' object is not subscriptable")
2026-02-04 06:42:35,288 | ERROR | yfinance | 
1 Failed download:
2026-02-04 06:42:35,288 | ERROR | yfinance | ['SPY']: TypeError("'NoneType' object is not subscriptable")
2026-02-04 06:42:35,773 | ERROR | yfinance | 
1 Failed download:
2026-02-04 06:42:35,773 | ERROR | yfinance | ['SPY']: TypeError("'NoneType' object is not subscriptable")
2026-02-04 06:42:35,786 | ERROR | yfinance | 
1 Failed download:
2026-02-04 06:42:35,787 | ERROR | yfinance | ['SPY']: TypeError("'NoneType' object is not subscriptable")
2026-02-04 06:42:36,801 | ERROR | yfinance | 
1 Failed download:
2026-02-04 06:42:36,801 | ERROR | yfinance | ['SPY']: TypeError("'NoneType' object is not subscriptable")
2026-02-04 06:42:36,815 | ERROR | yfinance | 
1 Failed download:
2026-02-04 06:42:36,815 | ERROR | yfinance | ['SPY']: TypeError("'NoneType' object is not subscriptable")
2026-02-04 06:42:38,837 | ERROR | yfinance | 
1 Failed download:
2026-02-04 06:42:38,838 | ERROR | yfinance | ['SPY']: TypeError("'NoneType' object is not subscriptable")
2026-02-04 06:42:38,869 | ERROR | yfinance | 
1 Failed download:
2026-02-04 06:42:38,870 | ERROR | yfinance | ['SPY']: TypeError("'NoneType' object is not subscriptable")
2026-02-04 06:42:39,340 | ERROR | yfinance | 
1 Failed download:
2026-02-04 06:42:39,341 | ERROR | yfinance | ['SPY']: TypeError("'NoneType' object is not subscriptable")
2026-02-04 06:42:39,370 | ERROR | yfinance | 
1 Failed download:
2026-02-04 06:42:39,371 | ERROR | yfinance | ['SPY']: TypeError("'NoneType' object is not subscriptable")
2026-02-04 06:42:40,399 | ERROR | yfinance | 
1 Failed download:
2026-02-04 06:42:40,400 | ERROR | yfinance | ['SPY']: TypeError("'NoneType' object is not subscriptable")
2026-02-04 06:42:40,431 | ERROR | yfinance | 
1 Failed download:
2026-02-04 06:42:40,431 | ERROR | yfinance | ['SPY']: TypeError("'NoneType' object is not subscriptable")
2026-02-04 06:42:42,453 | ERROR | yfinance | 
1 Failed download:
2026-02-04 06:42:42,453 | ERROR | yfinance | ['SPY']: TypeError("'NoneType' object is not subscriptable")
2026-02-04 06:42:42,470 | ERROR | yfinance | 
1 Failed download:
2026-02-04 06:42:42,470 | ERROR | yfinance | ['SPY']: TypeError("'NoneType' object is not subscriptable")
2026-02-04 06:42:42,953 | ERROR | yfinance | 
1 Failed download:
2026-02-04 06:42:42,954 | ERROR | yfinance | ['SPY']: TypeError("'NoneType' object is not subscriptable")
2026-02-04 06:42:42,968 | ERROR | yfinance | 
1 Failed download:
2026-02-04 06:42:42,968 | ERROR | yfinance | ['SPY']: TypeError("'NoneType' object is not subscriptable")
2026-02-04 06:42:43,982 | ERROR | yfinance | 
1 Failed download:
2026-02-04 06:42:43,983 | ERROR | yfinance | ['SPY']: TypeError("'NoneType' object is not subscriptable")
2026-02-04 06:42:43,996 | ERROR | yfinance | 
1 Failed download:
2026-02-04 06:42:43,996 | ERROR | yfinance | ['SPY']: TypeError("'NoneType' object is not subscriptable")
2026-02-04 06:42:46,010 | ERROR | yfinance | 
1 Failed download:
2026-02-04 06:42:46,010 | ERROR | yfinance | ['SPY']: TypeError("'NoneType' object is not subscriptable")
2026-02-04 06:42:46,023 | ERROR | yfinance | 
1 Failed download:
2026-02-04 06:42:46,023 | ERROR | yfinance | ['SPY']: TypeError("'NoneType' object is not subscriptable")
2026-02-04 06:42:46,510 | ERROR | yfinance | 
1 Failed download:
2026-02-04 06:42:46,510 | ERROR | yfinance | ['SPY']: TypeError("'NoneType' object is not subscriptable")
2026-02-04 06:42:46,523 | ERROR | yfinance | 
1 Failed download:
2026-02-04 06:42:46,524 | ERROR | yfinance | ['SPY']: TypeError("'NoneType' object is not subscriptable")
2026-02-04 06:42:47,538 | ERROR | yfinance | 
1 Failed download:
2026-02-04 06:42:47,538 | ERROR | yfinance | ['SPY']: TypeError("'NoneType' object is not subscriptable")
2026-02-04 06:42:47,551 | ERROR | yfinance | 
1 Failed download:
2026-02-04 06:42:47,552 | ERROR | yfinance | ['SPY']: TypeError("'NoneType' object is not subscriptable")
2026-02-04 06:42:49,566 | ERROR | yfinance | 
1 Failed download:
2026-02-04 06:42:49,566 | ERROR | yfinance | ['SPY']: TypeError("'NoneType' object is not subscriptable")
2026-02-04 06:42:49,580 | ERROR | yfinance | 
1 Failed download:
2026-02-04 06:42:49,580 | ERROR | yfinance | ['SPY']: TypeError("'NoneType' object is not subscriptable")
2026-02-04 06:42:50,077 | ERROR | yfinance | 
1 Failed download:
2026-02-04 06:42:50,078 | ERROR | yfinance | ['SPY']: TypeError("'NoneType' object is not subscriptable")
2026-02-04 06:42:50,107 | ERROR | yfinance | 
1 Failed download:
2026-02-04 06:42:50,107 | ERROR | yfinance | ['SPY']: TypeError("'NoneType' object is not subscriptable")
2026-02-04 06:42:51,125 | ERROR | yfinance | 
1 Failed download:
2026-02-04 06:42:51,125 | ERROR | yfinance | ['SPY']: TypeError("'NoneType' object is not subscriptable")
2026-02-04 06:42:51,138 | ERROR | yfinance | 
1 Failed download:
2026-02-04 06:42:51,138 | ERROR | yfinance | ['SPY']: TypeError("'NoneType' object is not subscriptable")
2026-02-04 06:42:53,152 | ERROR | yfinance | 
1 Failed download:
2026-02-04 06:42:53,152 | ERROR | yfinance | ['SPY']: TypeError("'NoneType' object is not subscriptable")
2026-02-04 06:42:53,166 | ERROR | yfinance | 
1 Failed download:
2026-02-04 06:42:53,166 | ERROR | yfinance | ['SPY']: TypeError("'NoneType' object is not subscriptable")
2026-02-04 06:42:53,653 | ERROR | yfinance | 
1 Failed download:
2026-02-04 06:42:53,653 | ERROR | yfinance | ['SPY']: TypeError("'NoneType' object is not subscriptable")
2026-02-04 06:42:53,668 | ERROR | yfinance | 
1 Failed download:
2026-02-04 06:42:53,668 | ERROR | yfinance | ['SPY']: TypeError("'NoneType' object is not subscriptable")
2026-02-04 06:42:54,683 | ERROR | yfinance | 
1 Failed download:
2026-02-04 06:42:54,683 | ERROR | yfinance | ['SPY']: TypeError("'NoneType' object is not subscriptable")
2026-02-04 06:42:54,697 | ERROR | yfinance | 
1 Failed download:
2026-02-04 06:42:54,697 | ERROR | yfinance | ['SPY']: TypeError("'NoneType' object is not subscriptable")
2026-02-04 06:42:56,718 | ERROR | yfinance | 
1 Failed download:
2026-02-04 06:42:56,719 | ERROR | yfinance | ['SPY']: TypeError("'NoneType' object is not subscriptable")
2026-02-04 06:42:56,751 | ERROR | yfinance | 
1 Failed download:
2026-02-04 06:42:56,752 | ERROR | yfinance | ['SPY']: TypeError("'NoneType' object is not subscriptable")
2026-02-04 06:42:57,214 | ERROR | yfinance | 
1 Failed download:
2026-02-04 06:42:57,214 | ERROR | yfinance | ['SPY']: TypeError("'NoneType' object is not subscriptable")
2026-02-04 06:42:57,227 | ERROR | yfinance | 
1 Failed download:
2026-02-04 06:42:57,227 | ERROR | yfinance | ['SPY']: TypeError("'NoneType' object is not subscriptable")
2026-02-04 06:42:58,242 | ERROR | yfinance | 
1 Failed download:
2026-02-04 06:42:58,242 | ERROR | yfinance | ['SPY']: TypeError("'NoneType' object is not subscriptable")
2026-02-04 06:42:58,256 | ERROR | yfinance | 
1 Failed download:
2026-02-04 06:42:58,256 | ERROR | yfinance | ['SPY']: TypeError("'NoneType' object is not subscriptable")
2026-02-04 06:43:00,274 | ERROR | yfinance | 
1 Failed download:
2026-02-04 06:43:00,274 | ERROR | yfinance | ['SPY']: TypeError("'NoneType' object is not subscriptable")
2026-02-04 06:43:00,303 | ERROR | yfinance | 
1 Failed download:
2026-02-04 06:43:00,303 | ERROR | yfinance | ['SPY']: TypeError("'NoneType' object is not subscriptable")
Traceback (most recent call last):
  File "<frozen runpy>", line 198, in _run_module_as_main
  File "<frozen runpy>", line 88, in _run_code
  File "/home/regulus/Trade/quantum_alpha/train_intraday_lstm.py", line 287, in <module>
    main()
    ~~~~^^
  File "/home/regulus/Trade/quantum_alpha/train_intraday_lstm.py", line 270, in main
    train_intraday(
    ~~~~~~~~~~~~~~^
        symbol=args.symbol,
        ^^^^^^^^^^^^^^^^^^^
    ...<10 lines>...
        resume_latest=args.resume_latest,
        ^^^^^^^^^^^^^^^^^^^^^^^^^^^^^^^^^
    )
    ^
  File "/home/regulus/Trade/quantum_alpha/train_intraday_lstm.py", line 194, in train_intraday
    raise ValueError("No intraday data returned. Check interval and lookback.")
ValueError: No intraday data returned. Check interval and lookback.
Intraday training window: 2026-01-15 06:41:44.467464 to 2026-02-04 06:41:44.467464 (5m)
