Starting realtime paper session: symbols=['SPY', 'QQQ', 'AAPL', 'MSFT', 'NVDA'] interval=1m duration=8m poll=60s min_notional=$1,000 comm=0.001 min_comm=$1.00 slip=5.0bps
[2026-02-27 11:38:00-05:00] cycle=1 equity=$100,000.00 cash=$100,000.00 positions=0
[2026-02-27 11:40:00-05:00] cycle=2 equity=$100,000.00 cash=$100,000.00 positions=0
[2026-02-27 11:41:00-05:00] cycle=3 equity=$100,000.00 cash=$100,000.00 positions=0
[2026-02-27 11:42:00-05:00] cycle=4 equity=$100,000.00 cash=$100,000.00 positions=0
[2026-02-27 11:43:00-05:00] cycle=5 equity=$99,992.50 cash=$94,995.00 positions=1
[2026-02-27 11:45:00-05:00] cycle=6 equity=$99,982.54 cash=$99,982.54 positions=0
[2026-02-27 11:46:00-05:00] cycle=7 equity=$99,982.54 cash=$99,982.54 positions=0
{
  "session_start_utc": "2026-02-27 16:38:58.473192+00:00",
  "session_end_utc": "2026-02-27 16:47:45.940550+00:00",
  "duration_minutes": 8,
  "interval": "1m",
  "symbols": [
    "SPY",
    "QQQ",
    "AAPL",
    "MSFT",
    "NVDA"
  ],
  "starting_capital": 100000.0,
  "final_equity": 99982.53743226311,
  "profit_dollars": -17.46256773688947,
  "return_pct": -0.017462567736889468,
  "trades": 2,
  "open_positions": {},
  "commission_rate": 0.001,
  "slippage_bps": 5.0,
  "min_commission": 1.0,
  "min_trade_notional": 1000.0,
  "output_dir": "artifacts/realtime_paper_20260227_163858",
  "equity_plot": "artifacts/realtime_paper_20260227_163858/equity_curve.png"
}
